<?xml version="1.0" encoding="UTF-8"?>
<testsuite name="org.springframework.web.reactive.result.method.annotation.JacksonHintsIntegrationTests" tests="36" skipped="0" failures="0" errors="0" timestamp="2023-03-20T08:19:56" hostname="DESKTOP-VGJP1PJ" time="14.471">
  <properties/>
  <testcase name="jsonViewWithEntityMonoRequest(HttpServer)[1]" classname="org.springframework.web.reactive.result.method.annotation.JacksonHintsIntegrationTests" time="1.187"/>
  <testcase name="jsonViewWithEntityMonoRequest(HttpServer)[2]" classname="org.springframework.web.reactive.result.method.annotation.JacksonHintsIntegrationTests" time="0.958"/>
  <testcase name="jsonViewWithEntityMonoRequest(HttpServer)[3]" classname="org.springframework.web.reactive.result.method.annotation.JacksonHintsIntegrationTests" time="4.133"/>
  <testcase name="jsonViewWithEntityMonoRequest(HttpServer)[4]" classname="org.springframework.web.reactive.result.method.annotation.JacksonHintsIntegrationTests" time="1.33"/>
  <testcase name="jsonViewWithRequest(HttpServer)[1]" classname="org.springframework.web.reactive.result.method.annotation.JacksonHintsIntegrationTests" time="0.142"/>
  <testcase name="jsonViewWithRequest(HttpServer)[2]" classname="org.springframework.web.reactive.result.method.annotation.JacksonHintsIntegrationTests" time="0.129"/>
  <testcase name="jsonViewWithRequest(HttpServer)[3]" classname="org.springframework.web.reactive.result.method.annotation.JacksonHintsIntegrationTests" time="0.592"/>
  <testcase name="jsonViewWithRequest(HttpServer)[4]" classname="org.springframework.web.reactive.result.method.annotation.JacksonHintsIntegrationTests" time="0.158"/>
  <testcase name="jsonViewWithMonoResponseEntity(HttpServer)[1]" classname="org.springframework.web.reactive.result.method.annotation.JacksonHintsIntegrationTests" time="0.183"/>
  <testcase name="jsonViewWithMonoResponseEntity(HttpServer)[2]" classname="org.springframework.web.reactive.result.method.annotation.JacksonHintsIntegrationTests" time="0.292"/>
  <testcase name="jsonViewWithMonoResponseEntity(HttpServer)[3]" classname="org.springframework.web.reactive.result.method.annotation.JacksonHintsIntegrationTests" time="0.409"/>
  <testcase name="jsonViewWithMonoResponseEntity(HttpServer)[4]" classname="org.springframework.web.reactive.result.method.annotation.JacksonHintsIntegrationTests" time="0.152"/>
  <testcase name="jsonViewWithFluxRequest(HttpServer)[1]" classname="org.springframework.web.reactive.result.method.annotation.JacksonHintsIntegrationTests" time="0.148"/>
  <testcase name="jsonViewWithFluxRequest(HttpServer)[2]" classname="org.springframework.web.reactive.result.method.annotation.JacksonHintsIntegrationTests" time="0.163"/>
  <testcase name="jsonViewWithFluxRequest(HttpServer)[3]" classname="org.springframework.web.reactive.result.method.annotation.JacksonHintsIntegrationTests" time="0.336"/>
  <testcase name="jsonViewWithFluxRequest(HttpServer)[4]" classname="org.springframework.web.reactive.result.method.annotation.JacksonHintsIntegrationTests" time="0.153"/>
  <testcase name="jsonViewWithMonoRequest(HttpServer)[1]" classname="org.springframework.web.reactive.result.method.annotation.JacksonHintsIntegrationTests" time="0.127"/>
  <testcase name="jsonViewWithMonoRequest(HttpServer)[2]" classname="org.springframework.web.reactive.result.method.annotation.JacksonHintsIntegrationTests" time="0.099"/>
  <testcase name="jsonViewWithMonoRequest(HttpServer)[3]" classname="org.springframework.web.reactive.result.method.annotation.JacksonHintsIntegrationTests" time="0.397"/>
  <testcase name="jsonViewWithMonoRequest(HttpServer)[4]" classname="org.springframework.web.reactive.result.method.annotation.JacksonHintsIntegrationTests" time="0.132"/>
  <testcase name="jsonViewResponse(HttpServer)[1]" classname="org.springframework.web.reactive.result.method.annotation.JacksonHintsIntegrationTests" time="0.104"/>
  <testcase name="jsonViewResponse(HttpServer)[2]" classname="org.springframework.web.reactive.result.method.annotation.JacksonHintsIntegrationTests" time="0.09"/>
  <testcase name="jsonViewResponse(HttpServer)[3]" classname="org.springframework.web.reactive.result.method.annotation.JacksonHintsIntegrationTests" time="0.365"/>
  <testcase name="jsonViewResponse(HttpServer)[4]" classname="org.springframework.web.reactive.result.method.annotation.JacksonHintsIntegrationTests" time="0.135"/>
  <testcase name="jsonViewWithFluxResponse(HttpServer)[1]" classname="org.springframework.web.reactive.result.method.annotation.JacksonHintsIntegrationTests" time="0.098"/>
  <testcase name="jsonViewWithFluxResponse(HttpServer)[2]" classname="org.springframework.web.reactive.result.method.annotation.JacksonHintsIntegrationTests" time="0.101"/>
  <testcase name="jsonViewWithFluxResponse(HttpServer)[3]" classname="org.springframework.web.reactive.result.method.annotation.JacksonHintsIntegrationTests" time="0.332"/>
  <testcase name="jsonViewWithFluxResponse(HttpServer)[4]" classname="org.springframework.web.reactive.result.method.annotation.JacksonHintsIntegrationTests" time="0.123"/>
  <testcase name="jsonViewWithEntityFluxRequest(HttpServer)[1]" classname="org.springframework.web.reactive.result.method.annotation.JacksonHintsIntegrationTests" time="0.163"/>
  <testcase name="jsonViewWithEntityFluxRequest(HttpServer)[2]" classname="org.springframework.web.reactive.result.method.annotation.JacksonHintsIntegrationTests" time="0.106"/>
  <testcase name="jsonViewWithEntityFluxRequest(HttpServer)[3]" classname="org.springframework.web.reactive.result.method.annotation.JacksonHintsIntegrationTests" time="0.33"/>
  <testcase name="jsonViewWithEntityFluxRequest(HttpServer)[4]" classname="org.springframework.web.reactive.result.method.annotation.JacksonHintsIntegrationTests" time="0.112"/>
  <testcase name="jsonViewWithMonoResponse(HttpServer)[1]" classname="org.springframework.web.reactive.result.method.annotation.JacksonHintsIntegrationTests" time="0.098"/>
  <testcase name="jsonViewWithMonoResponse(HttpServer)[2]" classname="org.springframework.web.reactive.result.method.annotation.JacksonHintsIntegrationTests" time="0.082"/>
  <testcase name="jsonViewWithMonoResponse(HttpServer)[3]" classname="org.springframework.web.reactive.result.method.annotation.JacksonHintsIntegrationTests" time="0.364"/>
  <testcase name="jsonViewWithMonoResponse(HttpServer)[4]" classname="org.springframework.web.reactive.result.method.annotation.JacksonHintsIntegrationTests" time="0.123"/>
  <system-out><![CDATA[03:19:56.179 [Test worker] DEBUG o.s.w.r.r.m.a.RequestMappingHandlerMapping - 9 mappings in 'requestMappingHandlerMapping'
03:19:56.384 [Test worker] INFO  o.h.v.i.u.Version - HV000001: Hibernate Validator 6.1.5.Final
03:19:56.680 [Test worker] DEBUG o.s.w.r.r.m.a.ControllerMethodResolver - ControllerAdvice beans: none
03:19:56.710 [Test worker] DEBUG o.s.w.s.a.HttpWebHandlerAdapter - enableLoggingRequestDetails='false': form data and headers will be masked to prevent unsafe logging of potentially sensitive data
03:19:56.728 [Test worker] INFO  o.e.j.u.log - Logging initialized @26323ms to org.eclipse.jetty.util.log.Slf4jLog
03:19:56.768 [Test worker] WARN  o.e.j.s.h.ContextHandler - Empty contextPath
03:19:56.803 [Test worker] INFO  o.e.j.s.h.ContextHandler - Started o.e.j.s.ServletContextHandler@26288513{/,null,AVAILABLE}
03:19:56.833 [Test worker] DEBUG o.s.w.t.h.s.r.b.JettyHttpServer - Starting JettyHttpServer...
03:19:56.838 [Test worker] INFO  o.e.j.s.Server - jetty-9.4.31.v20200723; built: 2020-07-23T17:57:36.812Z; git: 450ba27947e13e66baa8cd1ce7e85a4461cacc1d; jvm 1.8.0_261-b12
03:19:56.865 [Test worker] INFO  o.e.j.s.AbstractConnector - Started ServerConnector@3708b36e{HTTP/1.1, (http/1.1)}{0.0.0.0:49583}
03:19:56.865 [Test worker] INFO  o.e.j.s.Server - Started @26462ms
03:19:56.865 [Test worker] DEBUG o.s.w.t.h.s.r.b.JettyHttpServer - Server started on port 49583(0 millis).
03:19:56.881 [Test worker] DEBUG o.s.w.c.RestTemplate - HTTP POST http://localhost:49583/request/entity/mono
03:19:56.883 [Test worker] DEBUG o.s.w.c.RestTemplate - Accept=[text/plain, application/json, application/x-jackson-smile, application/*+json, */*]
03:19:56.982 [Test worker] DEBUG o.s.w.c.RestTemplate - Writing [org.springframework.web.reactive.result.method.annotation.JacksonHintsIntegrationTests$JacksonViewBean@59a36c36] as "application/json"
03:19:57.107 [qtp1315944557-92] DEBUG o.s.w.s.a.HttpWebHandlerAdapter - [f379374] HTTP POST "/request/entity/mono"
03:19:57.111 [qtp1315944557-92] DEBUG o.s.w.r.r.m.a.RequestMappingHandlerMapping - [f379374] Mapped to org.springframework.web.reactive.result.method.annotation.JacksonHintsIntegrationTests$JsonViewRestController#entityMonoRequest(HttpEntity)
03:19:57.129 [qtp1315944557-92] DEBUG o.s.w.r.r.m.a.HttpEntityMethodArgumentResolver - [f379374] Content-Type:application/json
03:19:57.151 [qtp1315944557-92] DEBUG o.s.w.r.r.m.a.HttpEntityMethodArgumentResolver - [f379374] 0..1 [org.springframework.web.reactive.result.method.annotation.JacksonHintsIntegrationTests$JacksonViewBean]
03:19:57.157 [qtp1315944557-92] DEBUG o.s.w.r.r.m.a.ResponseBodyResultHandler - Using 'application/json' given [application/json] and supported [application/json, application/*+json, application/x-ndjson, application/x-jackson-smile, application/*+x-jackson-smile, text/event-stream]
03:19:57.157 [qtp1315944557-92] DEBUG o.s.w.r.r.m.a.ResponseBodyResultHandler - [f379374] 0..1 [org.springframework.web.reactive.result.method.annotation.JacksonHintsIntegrationTests$JacksonViewBean]
03:19:57.162 [qtp1315944557-92] DEBUG o.s.h.c.j.Jackson2JsonDecoder - [f379374] Decoded [org.springframework.web.reactive.result.method.annotation.JacksonHintsIntegrationTests$JacksonViewBe (truncated)...]
03:19:57.163 [qtp1315944557-92] DEBUG o.s.h.c.j.Jackson2JsonEncoder - [f379374] Encoding [org.springframework.web.reactive.result.method.annotation.JacksonHintsIntegrationTests$JacksonViewBe (truncated)...]
03:19:57.179 [qtp1315944557-92] DEBUG o.s.w.s.a.HttpWebHandlerAdapter - [f379374] Completed 200 OK
03:19:57.180 [Test worker] DEBUG o.s.w.c.RestTemplate - Response 200 OK
03:19:57.181 [Test worker] DEBUG o.s.w.c.RestTemplate - Reading to [java.lang.String] as "application/json"
03:19:57.186 [Test worker] DEBUG o.s.w.t.h.s.r.b.JettyHttpServer - Stopping JettyHttpServer...
03:19:57.189 [Test worker] INFO  o.e.j.s.h.ContextHandler - Stopped o.e.j.s.ServletContextHandler@26288513{/,null,UNAVAILABLE}
03:19:57.200 [Test worker] INFO  o.e.j.s.AbstractConnector - Stopped ServerConnector@3708b36e{HTTP/1.1, (http/1.1)}{0.0.0.0:0}
03:19:57.201 [Test worker] DEBUG o.s.w.t.h.s.r.b.JettyHttpServer - Server stopped (0 millis).
03:19:57.266 [Test worker] DEBUG o.s.w.r.r.m.a.RequestMappingHandlerMapping - 9 mappings in 'requestMappingHandlerMapping'
03:19:57.299 [Test worker] DEBUG o.s.w.r.r.m.a.ControllerMethodResolver - ControllerAdvice beans: none
03:19:57.327 [Test worker] DEBUG o.s.w.s.a.HttpWebHandlerAdapter - enableLoggingRequestDetails='false': form data and headers will be masked to prevent unsafe logging of potentially sensitive data
03:19:57.426 [Test worker] DEBUG o.s.w.t.h.s.r.b.ReactorHttpServer - Starting ReactorHttpServer...
03:19:57.966 [Test worker] DEBUG o.s.w.t.h.s.r.b.ReactorHttpServer - Server started on port 49601(0 millis).
03:19:57.966 [Test worker] DEBUG o.s.w.c.RestTemplate - HTTP POST http://localhost:49601/request/entity/mono
03:19:57.966 [Test worker] DEBUG o.s.w.c.RestTemplate - Accept=[text/plain, application/json, application/x-jackson-smile, application/*+json, */*]
03:19:57.968 [Test worker] DEBUG o.s.w.c.RestTemplate - Writing [org.springframework.web.reactive.result.method.annotation.JacksonHintsIntegrationTests$JacksonViewBean@2b6d363c] as "application/json"
03:19:58.142 [reactor-http-nio-2] DEBUG o.s.w.s.a.HttpWebHandlerAdapter - [e25875f1-1] HTTP POST "/request/entity/mono"
03:19:58.143 [reactor-http-nio-2] DEBUG o.s.w.r.r.m.a.RequestMappingHandlerMapping - [e25875f1-1] Mapped to org.springframework.web.reactive.result.method.annotation.JacksonHintsIntegrationTests$JsonViewRestController#entityMonoRequest(HttpEntity)
03:19:58.145 [reactor-http-nio-2] DEBUG o.s.w.r.r.m.a.HttpEntityMethodArgumentResolver - [e25875f1-1] Content-Type:application/json
03:19:58.146 [reactor-http-nio-2] DEBUG o.s.w.r.r.m.a.HttpEntityMethodArgumentResolver - [e25875f1-1] 0..1 [org.springframework.web.reactive.result.method.annotation.JacksonHintsIntegrationTests$JacksonViewBean]
03:19:58.151 [reactor-http-nio-2] DEBUG o.s.w.r.r.m.a.ResponseBodyResultHandler - Using 'application/json' given [application/json] and supported [application/json, application/*+json, application/x-ndjson, application/x-jackson-smile, application/*+x-jackson-smile, text/event-stream]
03:19:58.151 [reactor-http-nio-2] DEBUG o.s.w.r.r.m.a.ResponseBodyResultHandler - [e25875f1-1] 0..1 [org.springframework.web.reactive.result.method.annotation.JacksonHintsIntegrationTests$JacksonViewBean]
03:19:58.160 [reactor-http-nio-2] DEBUG o.s.h.c.j.Jackson2JsonDecoder - [e25875f1-1] Decoded [org.springframework.web.reactive.result.method.annotation.JacksonHintsIntegrationTests$JacksonViewBe (truncated)...]
03:19:58.162 [reactor-http-nio-2] DEBUG o.s.h.c.j.Jackson2JsonEncoder - [e25875f1-1] Encoding [org.springframework.web.reactive.result.method.annotation.JacksonHintsIntegrationTests$JacksonViewBe (truncated)...]
03:19:58.168 [Test worker] DEBUG o.s.w.c.RestTemplate - Response 200 OK
03:19:58.168 [Test worker] DEBUG o.s.w.c.RestTemplate - Reading to [java.lang.String] as "application/json"
03:19:58.169 [Test worker] DEBUG o.s.w.t.h.s.r.b.ReactorHttpServer - Stopping ReactorHttpServer...
03:19:58.172 [Test worker] DEBUG o.s.w.t.h.s.r.b.ReactorHttpServer - Server stopped (0 millis).
03:19:58.174 [reactor-http-nio-2] DEBUG o.s.w.s.a.HttpWebHandlerAdapter - [e25875f1-1] Completed 200 OK
03:19:58.238 [Test worker] DEBUG o.s.w.r.r.m.a.RequestMappingHandlerMapping - 9 mappings in 'requestMappingHandlerMapping'
03:19:58.266 [Test worker] DEBUG o.s.w.r.r.m.a.ControllerMethodResolver - ControllerAdvice beans: none
03:19:58.287 [Test worker] DEBUG o.s.w.s.a.HttpWebHandlerAdapter - enableLoggingRequestDetails='false': form data and headers will be masked to prevent unsafe logging of potentially sensitive data
03:19:59.694 [Test worker] DEBUG o.s.w.t.h.s.r.b.TomcatHttpServer - Starting TomcatHttpServer...
03:20:01.875 [Test worker] DEBUG o.s.w.t.h.s.r.b.TomcatHttpServer - Server started on port 49603(0 millis).
03:20:01.876 [Test worker] DEBUG o.s.w.c.RestTemplate - HTTP POST http://localhost:49603/request/entity/mono
03:20:01.877 [Test worker] DEBUG o.s.w.c.RestTemplate - Accept=[text/plain, application/json, application/x-jackson-smile, application/*+json, */*]
03:20:01.878 [Test worker] DEBUG o.s.w.c.RestTemplate - Writing [org.springframework.web.reactive.result.method.annotation.JacksonHintsIntegrationTests$JacksonViewBean@51258b13] as "application/json"
03:20:02.123 [http-nio-auto-1-exec-1] DEBUG o.s.w.s.a.HttpWebHandlerAdapter - [39563af5] HTTP POST "/request/entity/mono"
03:20:02.124 [http-nio-auto-1-exec-1] DEBUG o.s.w.r.r.m.a.RequestMappingHandlerMapping - [39563af5] Mapped to org.springframework.web.reactive.result.method.annotation.JacksonHintsIntegrationTests$JsonViewRestController#entityMonoRequest(HttpEntity)
03:20:02.125 [http-nio-auto-1-exec-1] DEBUG o.s.w.r.r.m.a.HttpEntityMethodArgumentResolver - [39563af5] Content-Type:application/json
03:20:02.126 [http-nio-auto-1-exec-1] DEBUG o.s.w.r.r.m.a.HttpEntityMethodArgumentResolver - [39563af5] 0..1 [org.springframework.web.reactive.result.method.annotation.JacksonHintsIntegrationTests$JacksonViewBean]
03:20:02.128 [http-nio-auto-1-exec-1] DEBUG o.s.w.r.r.m.a.ResponseBodyResultHandler - Using 'application/json' given [application/json] and supported [application/json, application/*+json, application/x-ndjson, application/x-jackson-smile, application/*+x-jackson-smile, text/event-stream]
03:20:02.129 [http-nio-auto-1-exec-1] DEBUG o.s.w.r.r.m.a.ResponseBodyResultHandler - [39563af5] 0..1 [org.springframework.web.reactive.result.method.annotation.JacksonHintsIntegrationTests$JacksonViewBean]
03:20:02.130 [http-nio-auto-1-exec-1] DEBUG o.s.h.c.j.Jackson2JsonDecoder - [39563af5] Decoded [org.springframework.web.reactive.result.method.annotation.JacksonHintsIntegrationTests$JacksonViewBe (truncated)...]
03:20:02.130 [http-nio-auto-1-exec-1] DEBUG o.s.h.c.j.Jackson2JsonEncoder - [39563af5] Encoding [org.springframework.web.reactive.result.method.annotation.JacksonHintsIntegrationTests$JacksonViewBe (truncated)...]
03:20:02.134 [http-nio-auto-1-exec-1] DEBUG o.s.w.s.a.HttpWebHandlerAdapter - [39563af5] Completed 200 OK
03:20:02.135 [Test worker] DEBUG o.s.w.c.RestTemplate - Response 200 OK
03:20:02.135 [Test worker] DEBUG o.s.w.c.RestTemplate - Reading to [java.lang.String] as "application/json"
03:20:02.136 [Test worker] DEBUG o.s.w.t.h.s.r.b.TomcatHttpServer - Stopping TomcatHttpServer...
03:20:02.317 [Test worker] DEBUG o.s.w.t.h.s.r.b.TomcatHttpServer - Server stopped (0 millis).
03:20:02.397 [Test worker] DEBUG o.s.w.r.r.m.a.RequestMappingHandlerMapping - 9 mappings in 'requestMappingHandlerMapping'
03:20:02.426 [Test worker] DEBUG o.s.w.r.r.m.a.ControllerMethodResolver - ControllerAdvice beans: none
03:20:02.448 [Test worker] DEBUG o.s.w.s.a.HttpWebHandlerAdapter - enableLoggingRequestDetails='false': form data and headers will be masked to prevent unsafe logging of potentially sensitive data
03:20:02.610 [Test worker] DEBUG o.s.w.t.h.s.r.b.UndertowHttpServer - Starting UndertowHttpServer...
03:20:02.742 [Test worker] INFO  i.undertow - starting server: Undertow - 2.1.3.Final
03:20:02.810 [Test worker] INFO  o.xnio - XNIO version 3.8.0.Final
03:20:02.856 [Test worker] INFO  o.x.nio - XNIO NIO Implementation Version 3.8.0.Final
03:20:02.906 [Test worker] INFO  o.j.threads - JBoss Threads version 3.1.0.Final
03:20:03.387 [Test worker] DEBUG o.s.w.t.h.s.r.b.UndertowHttpServer - Server started on port 49622(0 millis).
03:20:03.388 [Test worker] DEBUG o.s.w.c.RestTemplate - HTTP POST http://localhost:49622/request/entity/mono
03:20:03.388 [Test worker] DEBUG o.s.w.c.RestTemplate - Accept=[text/plain, application/json, application/x-jackson-smile, application/*+json, */*]
03:20:03.389 [Test worker] DEBUG o.s.w.c.RestTemplate - Writing [org.springframework.web.reactive.result.method.annotation.JacksonHintsIntegrationTests$JacksonViewBean@5af65cf2] as "application/json"
03:20:03.624 [XNIO-1 I/O-1] DEBUG o.s.w.s.a.HttpWebHandlerAdapter - [1669074a] HTTP POST "/request/entity/mono"
03:20:03.625 [XNIO-1 I/O-1] DEBUG o.s.w.r.r.m.a.RequestMappingHandlerMapping - [1669074a] Mapped to org.springframework.web.reactive.result.method.annotation.JacksonHintsIntegrationTests$JsonViewRestController#entityMonoRequest(HttpEntity)
03:20:03.627 [XNIO-1 I/O-1] DEBUG o.s.w.r.r.m.a.HttpEntityMethodArgumentResolver - [1669074a] Content-Type:application/json
03:20:03.628 [XNIO-1 I/O-1] DEBUG o.s.w.r.r.m.a.HttpEntityMethodArgumentResolver - [1669074a] 0..1 [org.springframework.web.reactive.result.method.annotation.JacksonHintsIntegrationTests$JacksonViewBean]
03:20:03.630 [XNIO-1 I/O-1] DEBUG o.s.w.r.r.m.a.ResponseBodyResultHandler - Using 'application/json' given [application/json] and supported [application/json, application/*+json, application/x-ndjson, application/x-jackson-smile, application/*+x-jackson-smile, text/event-stream]
03:20:03.630 [XNIO-1 I/O-1] DEBUG o.s.w.r.r.m.a.ResponseBodyResultHandler - [1669074a] 0..1 [org.springframework.web.reactive.result.method.annotation.JacksonHintsIntegrationTests$JacksonViewBean]
03:20:03.636 [XNIO-1 I/O-1] DEBUG o.s.h.c.j.Jackson2JsonDecoder - [1669074a] Decoded [org.springframework.web.reactive.result.method.annotation.JacksonHintsIntegrationTests$JacksonViewBe (truncated)...]
03:20:03.636 [XNIO-1 I/O-1] DEBUG o.s.h.c.j.Jackson2JsonEncoder - [1669074a] Encoding [org.springframework.web.reactive.result.method.annotation.JacksonHintsIntegrationTests$JacksonViewBe (truncated)...]
03:20:03.647 [Test worker] DEBUG o.s.w.c.RestTemplate - Response 200 OK
03:20:03.647 [Test worker] DEBUG o.s.w.c.RestTemplate - Reading to [java.lang.String] as "application/json"
03:20:03.648 [Test worker] DEBUG o.s.w.t.h.s.r.b.UndertowHttpServer - Stopping UndertowHttpServer...
03:20:03.648 [Test worker] INFO  i.undertow - stopping server: Undertow - 2.1.3.Final
03:20:03.648 [XNIO-1 I/O-1] DEBUG o.s.w.s.a.HttpWebHandlerAdapter - [1669074a] Completed 200 OK
03:20:03.657 [Test worker] DEBUG o.s.w.t.h.s.r.b.UndertowHttpServer - Server stopped (0 millis).
03:20:03.705 [Test worker] DEBUG o.s.w.r.r.m.a.RequestMappingHandlerMapping - 9 mappings in 'requestMappingHandlerMapping'
03:20:03.742 [Test worker] DEBUG o.s.w.r.r.m.a.ControllerMethodResolver - ControllerAdvice beans: none
03:20:03.778 [Test worker] DEBUG o.s.w.s.a.HttpWebHandlerAdapter - enableLoggingRequestDetails='false': form data and headers will be masked to prevent unsafe logging of potentially sensitive data
03:20:03.778 [Test worker] WARN  o.e.j.s.h.ContextHandler - Empty contextPath
03:20:03.779 [Test worker] INFO  o.e.j.s.h.ContextHandler - Started o.e.j.s.ServletContextHandler@1972e5c9{/,null,AVAILABLE}
03:20:03.780 [Test worker] DEBUG o.s.w.t.h.s.r.b.JettyHttpServer - Starting JettyHttpServer...
03:20:03.780 [Test worker] INFO  o.e.j.s.Server - jetty-9.4.31.v20200723; built: 2020-07-23T17:57:36.812Z; git: 450ba27947e13e66baa8cd1ce7e85a4461cacc1d; jvm 1.8.0_261-b12
03:20:03.786 [Test worker] INFO  o.e.j.s.AbstractConnector - Started ServerConnector@4928e62e{HTTP/1.1, (http/1.1)}{0.0.0.0:49624}
03:20:03.786 [Test worker] INFO  o.e.j.s.Server - Started @33383ms
03:20:03.786 [Test worker] DEBUG o.s.w.t.h.s.r.b.JettyHttpServer - Server started on port 49624(0 millis).
03:20:03.787 [Test worker] DEBUG o.s.w.c.RestTemplate - HTTP POST http://localhost:49624/request/raw
03:20:03.787 [Test worker] DEBUG o.s.w.c.RestTemplate - Accept=[text/plain, application/json, application/x-jackson-smile, application/*+json, */*]
03:20:03.788 [Test worker] DEBUG o.s.w.c.RestTemplate - Writing [org.springframework.web.reactive.result.method.annotation.JacksonHintsIntegrationTests$JacksonViewBean@613bdc42] as "application/json"
03:20:03.793 [qtp777443464-136] DEBUG o.s.w.s.a.HttpWebHandlerAdapter - [6bb2f076] HTTP POST "/request/raw"
03:20:03.793 [qtp777443464-136] DEBUG o.s.w.r.r.m.a.RequestMappingHandlerMapping - [6bb2f076] Mapped to org.springframework.web.reactive.result.method.annotation.JacksonHintsIntegrationTests$JsonViewRestController#rawRequest(JacksonViewBean)
03:20:03.796 [qtp777443464-136] DEBUG o.s.w.r.r.m.a.RequestBodyMethodArgumentResolver - [6bb2f076] Content-Type:application/json
03:20:03.797 [qtp777443464-136] DEBUG o.s.w.r.r.m.a.RequestBodyMethodArgumentResolver - [6bb2f076] 0..1 [org.springframework.web.reactive.result.method.annotation.JacksonHintsIntegrationTests$JacksonViewBean]
03:20:03.798 [qtp777443464-136] DEBUG o.s.h.c.j.Jackson2JsonDecoder - [6bb2f076] Decoded [org.springframework.web.reactive.result.method.annotation.JacksonHintsIntegrationTests$JacksonViewBe (truncated)...]
03:20:03.800 [qtp777443464-136] DEBUG o.s.w.r.r.m.a.ResponseBodyResultHandler - Using 'application/json' given [application/json] and supported [application/json, application/*+json, application/x-ndjson, application/x-jackson-smile, application/*+x-jackson-smile, text/event-stream]
03:20:03.800 [qtp777443464-136] DEBUG o.s.w.r.r.m.a.ResponseBodyResultHandler - [6bb2f076] 0..1 [org.springframework.web.reactive.result.method.annotation.JacksonHintsIntegrationTests$JacksonViewBean]
03:20:03.801 [qtp777443464-136] DEBUG o.s.h.c.j.Jackson2JsonEncoder - [6bb2f076] Encoding [org.springframework.web.reactive.result.method.annotation.JacksonHintsIntegrationTests$JacksonViewBe (truncated)...]
03:20:03.802 [Test worker] DEBUG o.s.w.c.RestTemplate - Response 200 OK
03:20:03.802 [Test worker] DEBUG o.s.w.c.RestTemplate - Reading to [java.lang.String] as "application/json"
03:20:03.803 [Test worker] DEBUG o.s.w.t.h.s.r.b.JettyHttpServer - Stopping JettyHttpServer...
03:20:03.803 [qtp777443464-136] DEBUG o.s.w.s.a.HttpWebHandlerAdapter - [6bb2f076] Completed 200 OK
03:20:03.803 [Test worker] INFO  o.e.j.s.h.ContextHandler - Stopped o.e.j.s.ServletContextHandler@1972e5c9{/,null,UNAVAILABLE}
03:20:03.804 [Test worker] INFO  o.e.j.s.AbstractConnector - Stopped ServerConnector@4928e62e{HTTP/1.1, (http/1.1)}{0.0.0.0:0}
03:20:03.804 [Test worker] DEBUG o.s.w.t.h.s.r.b.JettyHttpServer - Server stopped (0 millis).
03:20:03.881 [Test worker] DEBUG o.s.w.r.r.m.a.RequestMappingHandlerMapping - 9 mappings in 'requestMappingHandlerMapping'
03:20:03.912 [Test worker] DEBUG o.s.w.r.r.m.a.ControllerMethodResolver - ControllerAdvice beans: none
03:20:03.937 [Test worker] DEBUG o.s.w.s.a.HttpWebHandlerAdapter - enableLoggingRequestDetails='false': form data and headers will be masked to prevent unsafe logging of potentially sensitive data
03:20:03.937 [Test worker] DEBUG o.s.w.t.h.s.r.b.ReactorHttpServer - Starting ReactorHttpServer...
03:20:03.939 [Test worker] DEBUG o.s.w.t.h.s.r.b.ReactorHttpServer - Server started on port 49630(0 millis).
03:20:03.940 [Test worker] DEBUG o.s.w.c.RestTemplate - HTTP POST http://localhost:49630/request/raw
03:20:03.940 [Test worker] DEBUG o.s.w.c.RestTemplate - Accept=[text/plain, application/json, application/x-jackson-smile, application/*+json, */*]
03:20:03.941 [Test worker] DEBUG o.s.w.c.RestTemplate - Writing [org.springframework.web.reactive.result.method.annotation.JacksonHintsIntegrationTests$JacksonViewBean@215be6d3] as "application/json"
03:20:03.946 [reactor-http-nio-4] DEBUG o.s.w.s.a.HttpWebHandlerAdapter - [918dd1eb-2] HTTP POST "/request/raw"
03:20:03.946 [reactor-http-nio-4] DEBUG o.s.w.r.r.m.a.RequestMappingHandlerMapping - [918dd1eb-2] Mapped to org.springframework.web.reactive.result.method.annotation.JacksonHintsIntegrationTests$JsonViewRestController#rawRequest(JacksonViewBean)
03:20:03.947 [reactor-http-nio-4] DEBUG o.s.w.r.r.m.a.RequestBodyMethodArgumentResolver - [918dd1eb-2] Content-Type:application/json
03:20:03.949 [reactor-http-nio-4] DEBUG o.s.w.r.r.m.a.RequestBodyMethodArgumentResolver - [918dd1eb-2] 0..1 [org.springframework.web.reactive.result.method.annotation.JacksonHintsIntegrationTests$JacksonViewBean]
03:20:03.950 [reactor-http-nio-4] DEBUG o.s.h.c.j.Jackson2JsonDecoder - [918dd1eb-2] Decoded [org.springframework.web.reactive.result.method.annotation.JacksonHintsIntegrationTests$JacksonViewBe (truncated)...]
03:20:03.952 [reactor-http-nio-4] DEBUG o.s.w.r.r.m.a.ResponseBodyResultHandler - Using 'application/json' given [application/json] and supported [application/json, application/*+json, application/x-ndjson, application/x-jackson-smile, application/*+x-jackson-smile, text/event-stream]
03:20:03.952 [reactor-http-nio-4] DEBUG o.s.w.r.r.m.a.ResponseBodyResultHandler - [918dd1eb-2] 0..1 [org.springframework.web.reactive.result.method.annotation.JacksonHintsIntegrationTests$JacksonViewBean]
03:20:03.953 [reactor-http-nio-4] DEBUG o.s.h.c.j.Jackson2JsonEncoder - [918dd1eb-2] Encoding [org.springframework.web.reactive.result.method.annotation.JacksonHintsIntegrationTests$JacksonViewBe (truncated)...]
03:20:03.954 [Test worker] DEBUG o.s.w.c.RestTemplate - Response 200 OK
03:20:03.954 [Test worker] DEBUG o.s.w.c.RestTemplate - Reading to [java.lang.String] as "application/json"
03:20:03.955 [Test worker] DEBUG o.s.w.t.h.s.r.b.ReactorHttpServer - Stopping ReactorHttpServer...
03:20:03.955 [Test worker] DEBUG o.s.w.t.h.s.r.b.ReactorHttpServer - Server stopped (0 millis).
03:20:03.958 [reactor-http-nio-4] DEBUG o.s.w.s.a.HttpWebHandlerAdapter - [918dd1eb-2] Completed 200 OK
03:20:04.017 [Test worker] DEBUG o.s.w.r.r.m.a.RequestMappingHandlerMapping - 9 mappings in 'requestMappingHandlerMapping'
03:20:04.092 [Test worker] DEBUG o.s.w.r.r.m.a.ControllerMethodResolver - ControllerAdvice beans: none
03:20:04.118 [Test worker] DEBUG o.s.w.s.a.HttpWebHandlerAdapter - enableLoggingRequestDetails='false': form data and headers will be masked to prevent unsafe logging of potentially sensitive data
03:20:04.119 [Test worker] DEBUG o.s.w.t.h.s.r.b.TomcatHttpServer - Starting TomcatHttpServer...
03:20:04.371 [Test worker] DEBUG o.s.w.t.h.s.r.b.TomcatHttpServer - Server started on port 49632(0 millis).
03:20:04.372 [Test worker] DEBUG o.s.w.c.RestTemplate - HTTP POST http://localhost:49632/request/raw
03:20:04.372 [Test worker] DEBUG o.s.w.c.RestTemplate - Accept=[text/plain, application/json, application/x-jackson-smile, application/*+json, */*]
03:20:04.373 [Test worker] DEBUG o.s.w.c.RestTemplate - Writing [org.springframework.web.reactive.result.method.annotation.JacksonHintsIntegrationTests$JacksonViewBean@1b560a14] as "application/json"
03:20:04.377 [http-nio-auto-2-exec-1] DEBUG o.s.w.s.a.HttpWebHandlerAdapter - [50be0802] HTTP POST "/request/raw"
03:20:04.377 [http-nio-auto-2-exec-1] DEBUG o.s.w.r.r.m.a.RequestMappingHandlerMapping - [50be0802] Mapped to org.springframework.web.reactive.result.method.annotation.JacksonHintsIntegrationTests$JsonViewRestController#rawRequest(JacksonViewBean)
03:20:04.379 [http-nio-auto-2-exec-1] DEBUG o.s.w.r.r.m.a.RequestBodyMethodArgumentResolver - [50be0802] Content-Type:application/json
03:20:04.379 [http-nio-auto-2-exec-1] DEBUG o.s.w.r.r.m.a.RequestBodyMethodArgumentResolver - [50be0802] 0..1 [org.springframework.web.reactive.result.method.annotation.JacksonHintsIntegrationTests$JacksonViewBean]
03:20:04.380 [http-nio-auto-2-exec-1] DEBUG o.s.h.c.j.Jackson2JsonDecoder - [50be0802] Decoded [org.springframework.web.reactive.result.method.annotation.JacksonHintsIntegrationTests$JacksonViewBe (truncated)...]
03:20:04.381 [http-nio-auto-2-exec-1] DEBUG o.s.w.r.r.m.a.ResponseBodyResultHandler - Using 'application/json' given [application/json] and supported [application/json, application/*+json, application/x-ndjson, application/x-jackson-smile, application/*+x-jackson-smile, text/event-stream]
03:20:04.382 [http-nio-auto-2-exec-1] DEBUG o.s.w.r.r.m.a.ResponseBodyResultHandler - [50be0802] 0..1 [org.springframework.web.reactive.result.method.annotation.JacksonHintsIntegrationTests$JacksonViewBean]
03:20:04.382 [http-nio-auto-2-exec-1] DEBUG o.s.h.c.j.Jackson2JsonEncoder - [50be0802] Encoding [org.springframework.web.reactive.result.method.annotation.JacksonHintsIntegrationTests$JacksonViewBe (truncated)...]
03:20:04.383 [Test worker] DEBUG o.s.w.c.RestTemplate - Response 200 OK
03:20:04.383 [http-nio-auto-2-exec-1] DEBUG o.s.w.s.a.HttpWebHandlerAdapter - [50be0802] Completed 200 OK
03:20:04.384 [Test worker] DEBUG o.s.w.c.RestTemplate - Reading to [java.lang.String] as "application/json"
03:20:04.384 [Test worker] DEBUG o.s.w.t.h.s.r.b.TomcatHttpServer - Stopping TomcatHttpServer...
03:20:04.566 [Test worker] DEBUG o.s.w.t.h.s.r.b.TomcatHttpServer - Server stopped (0 millis).
03:20:04.648 [Test worker] DEBUG o.s.w.r.r.m.a.RequestMappingHandlerMapping - 9 mappings in 'requestMappingHandlerMapping'
03:20:04.681 [Test worker] DEBUG o.s.w.r.r.m.a.ControllerMethodResolver - ControllerAdvice beans: none
03:20:04.705 [Test worker] DEBUG o.s.w.s.a.HttpWebHandlerAdapter - enableLoggingRequestDetails='false': form data and headers will be masked to prevent unsafe logging of potentially sensitive data
03:20:04.705 [Test worker] DEBUG o.s.w.t.h.s.r.b.UndertowHttpServer - Starting UndertowHttpServer...
03:20:04.705 [Test worker] INFO  i.undertow - starting server: Undertow - 2.1.3.Final
03:20:04.716 [Test worker] DEBUG o.s.w.t.h.s.r.b.UndertowHttpServer - Server started on port 49649(0 millis).
03:20:04.717 [Test worker] DEBUG o.s.w.c.RestTemplate - HTTP POST http://localhost:49649/request/raw
03:20:04.717 [Test worker] DEBUG o.s.w.c.RestTemplate - Accept=[text/plain, application/json, application/x-jackson-smile, application/*+json, */*]
03:20:04.718 [Test worker] DEBUG o.s.w.c.RestTemplate - Writing [org.springframework.web.reactive.result.method.annotation.JacksonHintsIntegrationTests$JacksonViewBean@64f52e9] as "application/json"
03:20:04.723 [XNIO-2 I/O-2] DEBUG o.s.w.s.a.HttpWebHandlerAdapter - [18abe533] HTTP POST "/request/raw"
03:20:04.723 [XNIO-2 I/O-2] DEBUG o.s.w.r.r.m.a.RequestMappingHandlerMapping - [18abe533] Mapped to org.springframework.web.reactive.result.method.annotation.JacksonHintsIntegrationTests$JsonViewRestController#rawRequest(JacksonViewBean)
03:20:04.724 [XNIO-2 I/O-2] DEBUG o.s.w.r.r.m.a.RequestBodyMethodArgumentResolver - [18abe533] Content-Type:application/json
03:20:04.725 [XNIO-2 I/O-2] DEBUG o.s.w.r.r.m.a.RequestBodyMethodArgumentResolver - [18abe533] 0..1 [org.springframework.web.reactive.result.method.annotation.JacksonHintsIntegrationTests$JacksonViewBean]
03:20:04.726 [XNIO-2 I/O-2] DEBUG o.s.h.c.j.Jackson2JsonDecoder - [18abe533] Decoded [org.springframework.web.reactive.result.method.annotation.JacksonHintsIntegrationTests$JacksonViewBe (truncated)...]
03:20:04.727 [XNIO-2 I/O-2] DEBUG o.s.w.r.r.m.a.ResponseBodyResultHandler - Using 'application/json' given [application/json] and supported [application/json, application/*+json, application/x-ndjson, application/x-jackson-smile, application/*+x-jackson-smile, text/event-stream]
03:20:04.727 [XNIO-2 I/O-2] DEBUG o.s.w.r.r.m.a.ResponseBodyResultHandler - [18abe533] 0..1 [org.springframework.web.reactive.result.method.annotation.JacksonHintsIntegrationTests$JacksonViewBean]
03:20:04.728 [XNIO-2 I/O-2] DEBUG o.s.h.c.j.Jackson2JsonEncoder - [18abe533] Encoding [org.springframework.web.reactive.result.method.annotation.JacksonHintsIntegrationTests$JacksonViewBe (truncated)...]
03:20:04.730 [XNIO-2 I/O-2] DEBUG o.s.w.s.a.HttpWebHandlerAdapter - [18abe533] Completed 200 OK
03:20:04.730 [Test worker] DEBUG o.s.w.c.RestTemplate - Response 200 OK
03:20:04.730 [Test worker] DEBUG o.s.w.c.RestTemplate - Reading to [java.lang.String] as "application/json"
03:20:04.731 [Test worker] DEBUG o.s.w.t.h.s.r.b.UndertowHttpServer - Stopping UndertowHttpServer...
03:20:04.731 [Test worker] INFO  i.undertow - stopping server: Undertow - 2.1.3.Final
03:20:04.734 [Test worker] DEBUG o.s.w.t.h.s.r.b.UndertowHttpServer - Server stopped (0 millis).
03:20:04.808 [Test worker] DEBUG o.s.w.r.r.m.a.RequestMappingHandlerMapping - 9 mappings in 'requestMappingHandlerMapping'
03:20:04.854 [Test worker] DEBUG o.s.w.r.r.m.a.ControllerMethodResolver - ControllerAdvice beans: none
03:20:04.889 [Test worker] DEBUG o.s.w.s.a.HttpWebHandlerAdapter - enableLoggingRequestDetails='false': form data and headers will be masked to prevent unsafe logging of potentially sensitive data
03:20:04.890 [Test worker] WARN  o.e.j.s.h.ContextHandler - Empty contextPath
03:20:04.892 [Test worker] INFO  o.e.j.s.h.ContextHandler - Started o.e.j.s.ServletContextHandler@6bce56bb{/,null,AVAILABLE}
03:20:04.893 [Test worker] DEBUG o.s.w.t.h.s.r.b.JettyHttpServer - Starting JettyHttpServer...
03:20:04.893 [Test worker] INFO  o.e.j.s.Server - jetty-9.4.31.v20200723; built: 2020-07-23T17:57:36.812Z; git: 450ba27947e13e66baa8cd1ce7e85a4461cacc1d; jvm 1.8.0_261-b12
03:20:04.904 [Test worker] INFO  o.e.j.s.AbstractConnector - Started ServerConnector@709e74c7{HTTP/1.1, (http/1.1)}{0.0.0.0:49651}
03:20:04.905 [Test worker] INFO  o.e.j.s.Server - Started @34502ms
03:20:04.906 [Test worker] DEBUG o.s.w.t.h.s.r.b.JettyHttpServer - Server started on port 49651(0 millis).
03:20:04.907 [Test worker] DEBUG o.s.w.c.RestTemplate - HTTP GET http://localhost:49651/response/entity
03:20:04.907 [Test worker] DEBUG o.s.w.c.RestTemplate - Accept=[text/plain, application/json, application/x-jackson-smile, application/*+json, */*]
03:20:04.916 [qtp1236837047-177] DEBUG o.s.w.s.a.HttpWebHandlerAdapter - [39a103ea] HTTP GET "/response/entity"
03:20:04.917 [qtp1236837047-177] DEBUG o.s.w.r.r.m.a.RequestMappingHandlerMapping - [39a103ea] Mapped to org.springframework.web.reactive.result.method.annotation.JacksonHintsIntegrationTests$JsonViewRestController#monoResponseEntity()
03:20:04.923 [qtp1236837047-177] DEBUG o.s.w.r.r.m.a.ResponseEntityResultHandler - Using 'application/json' given [application/json] and supported [application/json, application/*+json, application/x-ndjson, application/x-jackson-smile, application/*+x-jackson-smile, text/event-stream]
03:20:04.923 [qtp1236837047-177] DEBUG o.s.w.r.r.m.a.ResponseEntityResultHandler - [39a103ea] 0..1 [org.springframework.web.reactive.result.method.annotation.JacksonHintsIntegrationTests$JacksonViewBean]
03:20:04.926 [qtp1236837047-177] DEBUG o.s.h.c.j.Jackson2JsonEncoder - [39a103ea] Encoding [org.springframework.web.reactive.result.method.annotation.JacksonHintsIntegrationTests$JacksonViewBe (truncated)...]
03:20:04.927 [qtp1236837047-177] DEBUG o.s.w.s.a.HttpWebHandlerAdapter - [39a103ea] Completed 200 OK
03:20:04.930 [Test worker] DEBUG o.s.w.c.RestTemplate - Response 200 OK
03:20:04.931 [Test worker] DEBUG o.s.w.c.RestTemplate - Reading to [java.lang.String] as "application/json"
03:20:04.932 [Test worker] DEBUG o.s.w.t.h.s.r.b.JettyHttpServer - Stopping JettyHttpServer...
03:20:04.932 [Test worker] INFO  o.e.j.s.h.ContextHandler - Stopped o.e.j.s.ServletContextHandler@6bce56bb{/,null,UNAVAILABLE}
03:20:04.938 [Test worker] INFO  o.e.j.s.AbstractConnector - Stopped ServerConnector@709e74c7{HTTP/1.1, (http/1.1)}{0.0.0.0:0}
03:20:04.941 [Test worker] DEBUG o.s.w.t.h.s.r.b.JettyHttpServer - Server stopped (0 millis).
03:20:05.078 [Test worker] DEBUG o.s.w.r.r.m.a.RequestMappingHandlerMapping - 9 mappings in 'requestMappingHandlerMapping'
03:20:05.171 [Test worker] DEBUG o.s.w.r.r.m.a.ControllerMethodResolver - ControllerAdvice beans: none
03:20:05.218 [Test worker] DEBUG o.s.w.s.a.HttpWebHandlerAdapter - enableLoggingRequestDetails='false': form data and headers will be masked to prevent unsafe logging of potentially sensitive data
03:20:05.220 [Test worker] DEBUG o.s.w.t.h.s.r.b.ReactorHttpServer - Starting ReactorHttpServer...
03:20:05.226 [Test worker] DEBUG o.s.w.t.h.s.r.b.ReactorHttpServer - Server started on port 49657(0 millis).
03:20:05.230 [Test worker] DEBUG o.s.w.c.RestTemplate - HTTP GET http://localhost:49657/response/entity
03:20:05.231 [Test worker] DEBUG o.s.w.c.RestTemplate - Accept=[text/plain, application/json, application/x-jackson-smile, application/*+json, */*]
03:20:05.241 [reactor-http-nio-2] DEBUG o.s.w.s.a.HttpWebHandlerAdapter - [47d549cc-3] HTTP GET "/response/entity"
03:20:05.242 [reactor-http-nio-2] DEBUG o.s.w.r.r.m.a.RequestMappingHandlerMapping - [47d549cc-3] Mapped to org.springframework.web.reactive.result.method.annotation.JacksonHintsIntegrationTests$JsonViewRestController#monoResponseEntity()
03:20:05.247 [reactor-http-nio-2] DEBUG o.s.w.r.r.m.a.ResponseEntityResultHandler - Using 'application/json' given [application/json] and supported [application/json, application/*+json, application/x-ndjson, application/x-jackson-smile, application/*+x-jackson-smile, text/event-stream]
03:20:05.247 [reactor-http-nio-2] DEBUG o.s.w.r.r.m.a.ResponseEntityResultHandler - [47d549cc-3] 0..1 [org.springframework.web.reactive.result.method.annotation.JacksonHintsIntegrationTests$JacksonViewBean]
03:20:05.248 [reactor-http-nio-2] DEBUG o.s.h.c.j.Jackson2JsonEncoder - [47d549cc-3] Encoding [org.springframework.web.reactive.result.method.annotation.JacksonHintsIntegrationTests$JacksonViewBe (truncated)...]
03:20:05.249 [reactor-http-nio-2] DEBUG o.s.w.s.a.HttpWebHandlerAdapter - [47d549cc-3] Completed 200 OK
03:20:05.252 [Test worker] DEBUG o.s.w.c.RestTemplate - Response 200 OK
03:20:05.252 [Test worker] DEBUG o.s.w.c.RestTemplate - Reading to [java.lang.String] as "application/json"
03:20:05.253 [Test worker] DEBUG o.s.w.t.h.s.r.b.ReactorHttpServer - Stopping ReactorHttpServer...
03:20:05.253 [Test worker] DEBUG o.s.w.t.h.s.r.b.ReactorHttpServer - Server stopped (0 millis).
03:20:05.327 [Test worker] DEBUG o.s.w.r.r.m.a.RequestMappingHandlerMapping - 9 mappings in 'requestMappingHandlerMapping'
03:20:05.393 [Test worker] DEBUG o.s.w.r.r.m.a.ControllerMethodResolver - ControllerAdvice beans: none
03:20:05.426 [Test worker] DEBUG o.s.w.s.a.HttpWebHandlerAdapter - enableLoggingRequestDetails='false': form data and headers will be masked to prevent unsafe logging of potentially sensitive data
03:20:05.427 [Test worker] DEBUG o.s.w.t.h.s.r.b.TomcatHttpServer - Starting TomcatHttpServer...
03:20:05.443 [Test worker] DEBUG o.s.w.t.h.s.r.b.TomcatHttpServer - Server started on port 49659(0 millis).
03:20:05.444 [Test worker] DEBUG o.s.w.c.RestTemplate - HTTP GET http://localhost:49659/response/entity
03:20:05.445 [Test worker] DEBUG o.s.w.c.RestTemplate - Accept=[text/plain, application/json, application/x-jackson-smile, application/*+json, */*]
03:20:05.453 [http-nio-auto-3-exec-1] DEBUG o.s.w.s.a.HttpWebHandlerAdapter - [39a9a850] HTTP GET "/response/entity"
03:20:05.453 [http-nio-auto-3-exec-1] DEBUG o.s.w.r.r.m.a.RequestMappingHandlerMapping - [39a9a850] Mapped to org.springframework.web.reactive.result.method.annotation.JacksonHintsIntegrationTests$JsonViewRestController#monoResponseEntity()
03:20:05.456 [http-nio-auto-3-exec-1] DEBUG o.s.w.r.r.m.a.ResponseEntityResultHandler - Using 'application/json' given [application/json] and supported [application/json, application/*+json, application/x-ndjson, application/x-jackson-smile, application/*+x-jackson-smile, text/event-stream]
03:20:05.456 [http-nio-auto-3-exec-1] DEBUG o.s.w.r.r.m.a.ResponseEntityResultHandler - [39a9a850] 0..1 [org.springframework.web.reactive.result.method.annotation.JacksonHintsIntegrationTests$JacksonViewBean]
03:20:05.457 [http-nio-auto-3-exec-1] DEBUG o.s.h.c.j.Jackson2JsonEncoder - [39a9a850] Encoding [org.springframework.web.reactive.result.method.annotation.JacksonHintsIntegrationTests$JacksonViewBe (truncated)...]
03:20:05.459 [Test worker] DEBUG o.s.w.c.RestTemplate - Response 200 OK
03:20:05.459 [Test worker] DEBUG o.s.w.c.RestTemplate - Reading to [java.lang.String] as "application/json"
03:20:05.459 [Test worker] DEBUG o.s.w.t.h.s.r.b.TomcatHttpServer - Stopping TomcatHttpServer...
03:20:05.460 [http-nio-auto-3-exec-1] DEBUG o.s.w.s.a.HttpWebHandlerAdapter - [39a9a850] Completed 200 OK
03:20:05.678 [Test worker] DEBUG o.s.w.t.h.s.r.b.TomcatHttpServer - Server stopped (0 millis).
03:20:05.753 [Test worker] DEBUG o.s.w.r.r.m.a.RequestMappingHandlerMapping - 9 mappings in 'requestMappingHandlerMapping'
03:20:05.783 [Test worker] DEBUG o.s.w.r.r.m.a.ControllerMethodResolver - ControllerAdvice beans: none
03:20:05.807 [Test worker] DEBUG o.s.w.s.a.HttpWebHandlerAdapter - enableLoggingRequestDetails='false': form data and headers will be masked to prevent unsafe logging of potentially sensitive data
03:20:05.809 [Test worker] DEBUG o.s.w.t.h.s.r.b.UndertowHttpServer - Starting UndertowHttpServer...
03:20:05.809 [Test worker] INFO  i.undertow - starting server: Undertow - 2.1.3.Final
03:20:05.820 [Test worker] DEBUG o.s.w.t.h.s.r.b.UndertowHttpServer - Server started on port 49684(0 millis).
03:20:05.820 [Test worker] DEBUG o.s.w.c.RestTemplate - HTTP GET http://localhost:49684/response/entity
03:20:05.820 [Test worker] DEBUG o.s.w.c.RestTemplate - Accept=[text/plain, application/json, application/x-jackson-smile, application/*+json, */*]
03:20:05.826 [XNIO-3 I/O-2] DEBUG o.s.w.s.a.HttpWebHandlerAdapter - [11a9f729] HTTP GET "/response/entity"
03:20:05.826 [XNIO-3 I/O-2] DEBUG o.s.w.r.r.m.a.RequestMappingHandlerMapping - [11a9f729] Mapped to org.springframework.web.reactive.result.method.annotation.JacksonHintsIntegrationTests$JsonViewRestController#monoResponseEntity()
03:20:05.831 [XNIO-3 I/O-2] DEBUG o.s.w.r.r.m.a.ResponseEntityResultHandler - Using 'application/json' given [application/json] and supported [application/json, application/*+json, application/x-ndjson, application/x-jackson-smile, application/*+x-jackson-smile, text/event-stream]
03:20:05.832 [XNIO-3 I/O-2] DEBUG o.s.w.r.r.m.a.ResponseEntityResultHandler - [11a9f729] 0..1 [org.springframework.web.reactive.result.method.annotation.JacksonHintsIntegrationTests$JacksonViewBean]
03:20:05.832 [XNIO-3 I/O-2] DEBUG o.s.h.c.j.Jackson2JsonEncoder - [11a9f729] Encoding [org.springframework.web.reactive.result.method.annotation.JacksonHintsIntegrationTests$JacksonViewBe (truncated)...]
03:20:05.833 [XNIO-3 I/O-2] DEBUG o.s.w.s.a.HttpWebHandlerAdapter - [11a9f729] Completed 200 OK
03:20:05.834 [Test worker] DEBUG o.s.w.c.RestTemplate - Response 200 OK
03:20:05.835 [Test worker] DEBUG o.s.w.c.RestTemplate - Reading to [java.lang.String] as "application/json"
03:20:05.835 [Test worker] DEBUG o.s.w.t.h.s.r.b.UndertowHttpServer - Stopping UndertowHttpServer...
03:20:05.835 [Test worker] INFO  i.undertow - stopping server: Undertow - 2.1.3.Final
03:20:05.842 [Test worker] DEBUG o.s.w.t.h.s.r.b.UndertowHttpServer - Server stopped (0 millis).
03:20:05.904 [Test worker] DEBUG o.s.w.r.r.m.a.RequestMappingHandlerMapping - 9 mappings in 'requestMappingHandlerMapping'
03:20:05.932 [Test worker] DEBUG o.s.w.r.r.m.a.ControllerMethodResolver - ControllerAdvice beans: none
03:20:05.956 [Test worker] DEBUG o.s.w.s.a.HttpWebHandlerAdapter - enableLoggingRequestDetails='false': form data and headers will be masked to prevent unsafe logging of potentially sensitive data
03:20:05.957 [Test worker] WARN  o.e.j.s.h.ContextHandler - Empty contextPath
03:20:05.957 [Test worker] INFO  o.e.j.s.h.ContextHandler - Started o.e.j.s.ServletContextHandler@3dfbf848{/,null,AVAILABLE}
03:20:05.958 [Test worker] DEBUG o.s.w.t.h.s.r.b.JettyHttpServer - Starting JettyHttpServer...
03:20:05.958 [Test worker] INFO  o.e.j.s.Server - jetty-9.4.31.v20200723; built: 2020-07-23T17:57:36.812Z; git: 450ba27947e13e66baa8cd1ce7e85a4461cacc1d; jvm 1.8.0_261-b12
03:20:05.963 [Test worker] INFO  o.e.j.s.AbstractConnector - Started ServerConnector@3395e16e{HTTP/1.1, (http/1.1)}{0.0.0.0:49686}
03:20:05.963 [Test worker] INFO  o.e.j.s.Server - Started @35560ms
03:20:05.963 [Test worker] DEBUG o.s.w.t.h.s.r.b.JettyHttpServer - Server started on port 49686(0 millis).
03:20:05.964 [Test worker] DEBUG o.s.w.c.RestTemplate - HTTP POST http://localhost:49686/request/flux
03:20:05.964 [Test worker] DEBUG o.s.w.c.RestTemplate - Accept=[text/plain, application/json, application/x-jackson-smile, application/*+json, */*]
03:20:05.967 [Test worker] DEBUG o.s.w.c.RestTemplate - Writing [[org.springframework.web.reactive.result.method.annotation.JacksonHintsIntegrationTests$JacksonViewBean@4c7542fc, org.springframework.web.reactive.result.method.annotation.JacksonHintsIntegrationTests$JacksonViewBean@596b6313]] as "application/json"
03:20:05.973 [qtp491824706-222] DEBUG o.s.w.s.a.HttpWebHandlerAdapter - [61ae6512] HTTP POST "/request/flux"
03:20:05.973 [qtp491824706-222] DEBUG o.s.w.r.r.m.a.RequestMappingHandlerMapping - [61ae6512] Mapped to org.springframework.web.reactive.result.method.annotation.JacksonHintsIntegrationTests$JsonViewRestController#fluxRequest(Flux)
03:20:05.974 [qtp491824706-222] DEBUG o.s.w.r.r.m.a.RequestBodyMethodArgumentResolver - [61ae6512] Content-Type:application/json
03:20:05.975 [qtp491824706-222] DEBUG o.s.w.r.r.m.a.RequestBodyMethodArgumentResolver - [61ae6512] 0..N [org.springframework.web.reactive.result.method.annotation.JacksonHintsIntegrationTests$JacksonViewBean]
03:20:05.987 [qtp491824706-222] DEBUG o.s.w.r.r.m.a.ResponseBodyResultHandler - Using 'application/json' given [application/json] and supported [application/json, application/*+json, application/x-ndjson, application/x-jackson-smile, application/*+x-jackson-smile, text/event-stream]
03:20:05.987 [qtp491824706-222] DEBUG o.s.w.r.r.m.a.ResponseBodyResultHandler - [61ae6512] 0..N [org.springframework.web.reactive.result.method.annotation.JacksonHintsIntegrationTests$JacksonViewBean]
03:20:05.999 [qtp491824706-222] DEBUG o.s.h.c.j.Jackson2JsonDecoder - [61ae6512] Decoded [org.springframework.web.reactive.result.method.annotation.JacksonHintsIntegrationTests$JacksonViewBe (truncated)...]
03:20:05.999 [qtp491824706-222] DEBUG o.s.h.c.j.Jackson2JsonDecoder - [61ae6512] Decoded [org.springframework.web.reactive.result.method.annotation.JacksonHintsIntegrationTests$JacksonViewBe (truncated)...]
03:20:06.000 [qtp491824706-222] DEBUG o.s.h.c.j.Jackson2JsonEncoder - [61ae6512] Encoding [[org.springframework.web.reactive.result.method.annotation.JacksonHintsIntegrationTests$JacksonViewB (truncated)...]
03:20:06.001 [qtp491824706-222] DEBUG o.s.w.s.a.HttpWebHandlerAdapter - [61ae6512] Completed 200 OK
03:20:06.003 [Test worker] DEBUG o.s.w.c.RestTemplate - Response 200 OK
03:20:06.004 [Test worker] DEBUG o.s.w.c.RestTemplate - Reading to [java.lang.String] as "application/json"
03:20:06.005 [Test worker] DEBUG o.s.w.t.h.s.r.b.JettyHttpServer - Stopping JettyHttpServer...
03:20:06.005 [Test worker] INFO  o.e.j.s.h.ContextHandler - Stopped o.e.j.s.ServletContextHandler@3dfbf848{/,null,UNAVAILABLE}
03:20:06.008 [Test worker] INFO  o.e.j.s.AbstractConnector - Stopped ServerConnector@3395e16e{HTTP/1.1, (http/1.1)}{0.0.0.0:0}
03:20:06.009 [Test worker] DEBUG o.s.w.t.h.s.r.b.JettyHttpServer - Server stopped (0 millis).
03:20:06.092 [Test worker] DEBUG o.s.w.r.r.m.a.RequestMappingHandlerMapping - 9 mappings in 'requestMappingHandlerMapping'
03:20:06.125 [Test worker] DEBUG o.s.w.r.r.m.a.ControllerMethodResolver - ControllerAdvice beans: none
03:20:06.152 [Test worker] DEBUG o.s.w.s.a.HttpWebHandlerAdapter - enableLoggingRequestDetails='false': form data and headers will be masked to prevent unsafe logging of potentially sensitive data
03:20:06.152 [Test worker] DEBUG o.s.w.t.h.s.r.b.ReactorHttpServer - Starting ReactorHttpServer...
03:20:06.154 [Test worker] DEBUG o.s.w.t.h.s.r.b.ReactorHttpServer - Server started on port 49692(0 millis).
03:20:06.154 [Test worker] DEBUG o.s.w.c.RestTemplate - HTTP POST http://localhost:49692/request/flux
03:20:06.155 [Test worker] DEBUG o.s.w.c.RestTemplate - Accept=[text/plain, application/json, application/x-jackson-smile, application/*+json, */*]
03:20:06.155 [Test worker] DEBUG o.s.w.c.RestTemplate - Writing [[org.springframework.web.reactive.result.method.annotation.JacksonHintsIntegrationTests$JacksonViewBean@46355a5f, org.springframework.web.reactive.result.method.annotation.JacksonHintsIntegrationTests$JacksonViewBean@76226ede]] as "application/json"
03:20:06.159 [reactor-http-nio-4] DEBUG o.s.w.s.a.HttpWebHandlerAdapter - [26d1d390-4] HTTP POST "/request/flux"
03:20:06.159 [reactor-http-nio-4] DEBUG o.s.w.r.r.m.a.RequestMappingHandlerMapping - [26d1d390-4] Mapped to org.springframework.web.reactive.result.method.annotation.JacksonHintsIntegrationTests$JsonViewRestController#fluxRequest(Flux)
03:20:06.162 [reactor-http-nio-4] DEBUG o.s.w.r.r.m.a.RequestBodyMethodArgumentResolver - [26d1d390-4] Content-Type:application/json
03:20:06.163 [reactor-http-nio-4] DEBUG o.s.w.r.r.m.a.RequestBodyMethodArgumentResolver - [26d1d390-4] 0..N [org.springframework.web.reactive.result.method.annotation.JacksonHintsIntegrationTests$JacksonViewBean]
03:20:06.165 [reactor-http-nio-4] DEBUG o.s.w.r.r.m.a.ResponseBodyResultHandler - Using 'application/json' given [application/json] and supported [application/json, application/*+json, application/x-ndjson, application/x-jackson-smile, application/*+x-jackson-smile, text/event-stream]
03:20:06.165 [reactor-http-nio-4] DEBUG o.s.w.r.r.m.a.ResponseBodyResultHandler - [26d1d390-4] 0..N [org.springframework.web.reactive.result.method.annotation.JacksonHintsIntegrationTests$JacksonViewBean]
03:20:06.166 [reactor-http-nio-4] DEBUG o.s.h.c.j.Jackson2JsonDecoder - [26d1d390-4] Decoded [org.springframework.web.reactive.result.method.annotation.JacksonHintsIntegrationTests$JacksonViewBe (truncated)...]
03:20:06.166 [reactor-http-nio-4] DEBUG o.s.h.c.j.Jackson2JsonDecoder - [26d1d390-4] Decoded [org.springframework.web.reactive.result.method.annotation.JacksonHintsIntegrationTests$JacksonViewBe (truncated)...]
03:20:06.167 [reactor-http-nio-4] DEBUG o.s.h.c.j.Jackson2JsonEncoder - [26d1d390-4] Encoding [[org.springframework.web.reactive.result.method.annotation.JacksonHintsIntegrationTests$JacksonViewB (truncated)...]
03:20:06.175 [Test worker] DEBUG o.s.w.c.RestTemplate - Response 200 OK
03:20:06.183 [reactor-http-nio-4] DEBUG o.s.w.s.a.HttpWebHandlerAdapter - [26d1d390-4] Completed 200 OK
03:20:06.183 [Test worker] DEBUG o.s.w.c.RestTemplate - Reading to [java.lang.String] as "application/json"
03:20:06.186 [Test worker] DEBUG o.s.w.t.h.s.r.b.ReactorHttpServer - Stopping ReactorHttpServer...
03:20:06.186 [Test worker] DEBUG o.s.w.t.h.s.r.b.ReactorHttpServer - Server stopped (0 millis).
03:20:06.247 [Test worker] DEBUG o.s.w.r.r.m.a.RequestMappingHandlerMapping - 9 mappings in 'requestMappingHandlerMapping'
03:20:06.275 [Test worker] DEBUG o.s.w.r.r.m.a.ControllerMethodResolver - ControllerAdvice beans: none
03:20:06.296 [Test worker] DEBUG o.s.w.s.a.HttpWebHandlerAdapter - enableLoggingRequestDetails='false': form data and headers will be masked to prevent unsafe logging of potentially sensitive data
03:20:06.297 [Test worker] DEBUG o.s.w.t.h.s.r.b.TomcatHttpServer - Starting TomcatHttpServer...
03:20:06.313 [Test worker] DEBUG o.s.w.t.h.s.r.b.TomcatHttpServer - Server started on port 49694(0 millis).
03:20:06.313 [Test worker] DEBUG o.s.w.c.RestTemplate - HTTP POST http://localhost:49694/request/flux
03:20:06.313 [Test worker] DEBUG o.s.w.c.RestTemplate - Accept=[text/plain, application/json, application/x-jackson-smile, application/*+json, */*]
03:20:06.315 [Test worker] DEBUG o.s.w.c.RestTemplate - Writing [[org.springframework.web.reactive.result.method.annotation.JacksonHintsIntegrationTests$JacksonViewBean@4c7c5aba, org.springframework.web.reactive.result.method.annotation.JacksonHintsIntegrationTests$JacksonViewBean@a1e24cc]] as "application/json"
03:20:06.320 [http-nio-auto-4-exec-1] DEBUG o.s.w.s.a.HttpWebHandlerAdapter - [2df95cf3] HTTP POST "/request/flux"
03:20:06.321 [http-nio-auto-4-exec-1] DEBUG o.s.w.r.r.m.a.RequestMappingHandlerMapping - [2df95cf3] Mapped to org.springframework.web.reactive.result.method.annotation.JacksonHintsIntegrationTests$JsonViewRestController#fluxRequest(Flux)
03:20:06.322 [http-nio-auto-4-exec-1] DEBUG o.s.w.r.r.m.a.RequestBodyMethodArgumentResolver - [2df95cf3] Content-Type:application/json
03:20:06.322 [http-nio-auto-4-exec-1] DEBUG o.s.w.r.r.m.a.RequestBodyMethodArgumentResolver - [2df95cf3] 0..N [org.springframework.web.reactive.result.method.annotation.JacksonHintsIntegrationTests$JacksonViewBean]
03:20:06.324 [http-nio-auto-4-exec-1] DEBUG o.s.w.r.r.m.a.ResponseBodyResultHandler - Using 'application/json' given [application/json] and supported [application/json, application/*+json, application/x-ndjson, application/x-jackson-smile, application/*+x-jackson-smile, text/event-stream]
03:20:06.324 [http-nio-auto-4-exec-1] DEBUG o.s.w.r.r.m.a.ResponseBodyResultHandler - [2df95cf3] 0..N [org.springframework.web.reactive.result.method.annotation.JacksonHintsIntegrationTests$JacksonViewBean]
03:20:06.325 [http-nio-auto-4-exec-1] DEBUG o.s.h.c.j.Jackson2JsonDecoder - [2df95cf3] Decoded [org.springframework.web.reactive.result.method.annotation.JacksonHintsIntegrationTests$JacksonViewBe (truncated)...]
03:20:06.325 [http-nio-auto-4-exec-1] DEBUG o.s.h.c.j.Jackson2JsonDecoder - [2df95cf3] Decoded [org.springframework.web.reactive.result.method.annotation.JacksonHintsIntegrationTests$JacksonViewBe (truncated)...]
03:20:06.326 [http-nio-auto-4-exec-1] DEBUG o.s.h.c.j.Jackson2JsonEncoder - [2df95cf3] Encoding [[org.springframework.web.reactive.result.method.annotation.JacksonHintsIntegrationTests$JacksonViewB (truncated)...]
03:20:06.327 [Test worker] DEBUG o.s.w.c.RestTemplate - Response 200 OK
03:20:06.327 [Test worker] DEBUG o.s.w.c.RestTemplate - Reading to [java.lang.String] as "application/json"
03:20:06.327 [http-nio-auto-4-exec-1] DEBUG o.s.w.s.a.HttpWebHandlerAdapter - [2df95cf3] Completed 200 OK
03:20:06.328 [Test worker] DEBUG o.s.w.t.h.s.r.b.TomcatHttpServer - Stopping TomcatHttpServer...
03:20:06.538 [Test worker] DEBUG o.s.w.t.h.s.r.b.TomcatHttpServer - Server stopped (0 millis).
03:20:06.609 [Test worker] DEBUG o.s.w.r.r.m.a.RequestMappingHandlerMapping - 9 mappings in 'requestMappingHandlerMapping'
03:20:06.644 [Test worker] DEBUG o.s.w.r.r.m.a.ControllerMethodResolver - ControllerAdvice beans: none
03:20:06.665 [Test worker] DEBUG o.s.w.s.a.HttpWebHandlerAdapter - enableLoggingRequestDetails='false': form data and headers will be masked to prevent unsafe logging of potentially sensitive data
03:20:06.665 [Test worker] DEBUG o.s.w.t.h.s.r.b.UndertowHttpServer - Starting UndertowHttpServer...
03:20:06.665 [Test worker] INFO  i.undertow - starting server: Undertow - 2.1.3.Final
03:20:06.676 [Test worker] DEBUG o.s.w.t.h.s.r.b.UndertowHttpServer - Server started on port 49711(0 millis).
03:20:06.677 [Test worker] DEBUG o.s.w.c.RestTemplate - HTTP POST http://localhost:49711/request/flux
03:20:06.678 [Test worker] DEBUG o.s.w.c.RestTemplate - Accept=[text/plain, application/json, application/x-jackson-smile, application/*+json, */*]
03:20:06.678 [Test worker] DEBUG o.s.w.c.RestTemplate - Writing [[org.springframework.web.reactive.result.method.annotation.JacksonHintsIntegrationTests$JacksonViewBean@793471a5, org.springframework.web.reactive.result.method.annotation.JacksonHintsIntegrationTests$JacksonViewBean@8da072f]] as "application/json"
03:20:06.687 [XNIO-4 I/O-1] DEBUG o.s.w.s.a.HttpWebHandlerAdapter - [604836d8] HTTP POST "/request/flux"
03:20:06.687 [XNIO-4 I/O-1] DEBUG o.s.w.r.r.m.a.RequestMappingHandlerMapping - [604836d8] Mapped to org.springframework.web.reactive.result.method.annotation.JacksonHintsIntegrationTests$JsonViewRestController#fluxRequest(Flux)
03:20:06.688 [XNIO-4 I/O-1] DEBUG o.s.w.r.r.m.a.RequestBodyMethodArgumentResolver - [604836d8] Content-Type:application/json
03:20:06.689 [XNIO-4 I/O-1] DEBUG o.s.w.r.r.m.a.RequestBodyMethodArgumentResolver - [604836d8] 0..N [org.springframework.web.reactive.result.method.annotation.JacksonHintsIntegrationTests$JacksonViewBean]
03:20:06.691 [XNIO-4 I/O-1] DEBUG o.s.w.r.r.m.a.ResponseBodyResultHandler - Using 'application/json' given [application/json] and supported [application/json, application/*+json, application/x-ndjson, application/x-jackson-smile, application/*+x-jackson-smile, text/event-stream]
03:20:06.691 [XNIO-4 I/O-1] DEBUG o.s.w.r.r.m.a.ResponseBodyResultHandler - [604836d8] 0..N [org.springframework.web.reactive.result.method.annotation.JacksonHintsIntegrationTests$JacksonViewBean]
03:20:06.692 [XNIO-4 I/O-1] DEBUG o.s.h.c.j.Jackson2JsonDecoder - [604836d8] Decoded [org.springframework.web.reactive.result.method.annotation.JacksonHintsIntegrationTests$JacksonViewBe (truncated)...]
03:20:06.693 [XNIO-4 I/O-1] DEBUG o.s.h.c.j.Jackson2JsonDecoder - [604836d8] Decoded [org.springframework.web.reactive.result.method.annotation.JacksonHintsIntegrationTests$JacksonViewBe (truncated)...]
03:20:06.693 [XNIO-4 I/O-1] DEBUG o.s.h.c.j.Jackson2JsonEncoder - [604836d8] Encoding [[org.springframework.web.reactive.result.method.annotation.JacksonHintsIntegrationTests$JacksonViewB (truncated)...]
03:20:06.697 [XNIO-4 I/O-1] DEBUG o.s.w.s.a.HttpWebHandlerAdapter - [604836d8] Completed 200 OK
03:20:06.697 [Test worker] DEBUG o.s.w.c.RestTemplate - Response 200 OK
03:20:06.698 [Test worker] DEBUG o.s.w.c.RestTemplate - Reading to [java.lang.String] as "application/json"
03:20:06.699 [Test worker] DEBUG o.s.w.t.h.s.r.b.UndertowHttpServer - Stopping UndertowHttpServer...
03:20:06.700 [Test worker] INFO  i.undertow - stopping server: Undertow - 2.1.3.Final
03:20:06.706 [Test worker] DEBUG o.s.w.t.h.s.r.b.UndertowHttpServer - Server stopped (0 millis).
03:20:06.762 [Test worker] DEBUG o.s.w.r.r.m.a.RequestMappingHandlerMapping - 9 mappings in 'requestMappingHandlerMapping'
03:20:06.785 [Test worker] DEBUG o.s.w.r.r.m.a.ControllerMethodResolver - ControllerAdvice beans: none
03:20:06.817 [Test worker] DEBUG o.s.w.s.a.HttpWebHandlerAdapter - enableLoggingRequestDetails='false': form data and headers will be masked to prevent unsafe logging of potentially sensitive data
03:20:06.818 [Test worker] WARN  o.e.j.s.h.ContextHandler - Empty contextPath
03:20:06.819 [Test worker] INFO  o.e.j.s.h.ContextHandler - Started o.e.j.s.ServletContextHandler@6ef80c9c{/,null,AVAILABLE}
03:20:06.819 [Test worker] DEBUG o.s.w.t.h.s.r.b.JettyHttpServer - Starting JettyHttpServer...
03:20:06.819 [Test worker] INFO  o.e.j.s.Server - jetty-9.4.31.v20200723; built: 2020-07-23T17:57:36.812Z; git: 450ba27947e13e66baa8cd1ce7e85a4461cacc1d; jvm 1.8.0_261-b12
03:20:06.827 [Test worker] INFO  o.e.j.s.AbstractConnector - Started ServerConnector@1178815f{HTTP/1.1, (http/1.1)}{0.0.0.0:49713}
03:20:06.827 [Test worker] INFO  o.e.j.s.Server - Started @36424ms
03:20:06.827 [Test worker] DEBUG o.s.w.t.h.s.r.b.JettyHttpServer - Server started on port 49713(0 millis).
03:20:06.827 [Test worker] DEBUG o.s.w.c.RestTemplate - HTTP POST http://localhost:49713/request/mono
03:20:06.828 [Test worker] DEBUG o.s.w.c.RestTemplate - Accept=[text/plain, application/json, application/x-jackson-smile, application/*+json, */*]
03:20:06.830 [Test worker] DEBUG o.s.w.c.RestTemplate - Writing [org.springframework.web.reactive.result.method.annotation.JacksonHintsIntegrationTests$JacksonViewBean@64f921c1] as "application/json"
03:20:06.836 [qtp1591560197-260] DEBUG o.s.w.s.a.HttpWebHandlerAdapter - [5e8bce4b] HTTP POST "/request/mono"
03:20:06.837 [qtp1591560197-260] DEBUG o.s.w.r.r.m.a.RequestMappingHandlerMapping - [5e8bce4b] Mapped to org.springframework.web.reactive.result.method.annotation.JacksonHintsIntegrationTests$JsonViewRestController#monoRequest(Mono)
03:20:06.838 [qtp1591560197-260] DEBUG o.s.w.r.r.m.a.RequestBodyMethodArgumentResolver - [5e8bce4b] Content-Type:application/json
03:20:06.839 [qtp1591560197-260] DEBUG o.s.w.r.r.m.a.RequestBodyMethodArgumentResolver - [5e8bce4b] 0..1 [org.springframework.web.reactive.result.method.annotation.JacksonHintsIntegrationTests$JacksonViewBean]
03:20:06.841 [qtp1591560197-260] DEBUG o.s.w.r.r.m.a.ResponseBodyResultHandler - Using 'application/json' given [application/json] and supported [application/json, application/*+json, application/x-ndjson, application/x-jackson-smile, application/*+x-jackson-smile, text/event-stream]
03:20:06.841 [qtp1591560197-260] DEBUG o.s.w.r.r.m.a.ResponseBodyResultHandler - [5e8bce4b] 0..1 [org.springframework.web.reactive.result.method.annotation.JacksonHintsIntegrationTests$JacksonViewBean]
03:20:06.842 [qtp1591560197-260] DEBUG o.s.h.c.j.Jackson2JsonDecoder - [5e8bce4b] Decoded [org.springframework.web.reactive.result.method.annotation.JacksonHintsIntegrationTests$JacksonViewBe (truncated)...]
03:20:06.842 [qtp1591560197-260] DEBUG o.s.h.c.j.Jackson2JsonEncoder - [5e8bce4b] Encoding [org.springframework.web.reactive.result.method.annotation.JacksonHintsIntegrationTests$JacksonViewBe (truncated)...]
03:20:06.843 [Test worker] DEBUG o.s.w.c.RestTemplate - Response 200 OK
03:20:06.843 [Test worker] DEBUG o.s.w.c.RestTemplate - Reading to [java.lang.String] as "application/json"
03:20:06.844 [Test worker] DEBUG o.s.w.t.h.s.r.b.JettyHttpServer - Stopping JettyHttpServer...
03:20:06.844 [Test worker] INFO  o.e.j.s.h.ContextHandler - Stopped o.e.j.s.ServletContextHandler@6ef80c9c{/,null,UNAVAILABLE}
03:20:06.844 [qtp1591560197-260] DEBUG o.s.w.s.a.HttpWebHandlerAdapter - [5e8bce4b] Completed 200 OK
03:20:06.847 [Test worker] INFO  o.e.j.s.AbstractConnector - Stopped ServerConnector@1178815f{HTTP/1.1, (http/1.1)}{0.0.0.0:0}
03:20:06.848 [Test worker] DEBUG o.s.w.t.h.s.r.b.JettyHttpServer - Server stopped (0 millis).
03:20:06.910 [Test worker] DEBUG o.s.w.r.r.m.a.RequestMappingHandlerMapping - 9 mappings in 'requestMappingHandlerMapping'
03:20:06.931 [Test worker] DEBUG o.s.w.r.r.m.a.ControllerMethodResolver - ControllerAdvice beans: none
03:20:06.954 [Test worker] DEBUG o.s.w.s.a.HttpWebHandlerAdapter - enableLoggingRequestDetails='false': form data and headers will be masked to prevent unsafe logging of potentially sensitive data
03:20:06.954 [Test worker] DEBUG o.s.w.t.h.s.r.b.ReactorHttpServer - Starting ReactorHttpServer...
03:20:06.956 [Test worker] DEBUG o.s.w.t.h.s.r.b.ReactorHttpServer - Server started on port 49719(0 millis).
03:20:06.956 [Test worker] DEBUG o.s.w.c.RestTemplate - HTTP POST http://localhost:49719/request/mono
03:20:06.956 [Test worker] DEBUG o.s.w.c.RestTemplate - Accept=[text/plain, application/json, application/x-jackson-smile, application/*+json, */*]
03:20:06.957 [Test worker] DEBUG o.s.w.c.RestTemplate - Writing [org.springframework.web.reactive.result.method.annotation.JacksonHintsIntegrationTests$JacksonViewBean@4146a18f] as "application/json"
03:20:06.960 [reactor-http-nio-2] DEBUG o.s.w.s.a.HttpWebHandlerAdapter - [6b90439b-5] HTTP POST "/request/mono"
03:20:06.960 [reactor-http-nio-2] DEBUG o.s.w.r.r.m.a.RequestMappingHandlerMapping - [6b90439b-5] Mapped to org.springframework.web.reactive.result.method.annotation.JacksonHintsIntegrationTests$JsonViewRestController#monoRequest(Mono)
03:20:06.961 [reactor-http-nio-2] DEBUG o.s.w.r.r.m.a.RequestBodyMethodArgumentResolver - [6b90439b-5] Content-Type:application/json
03:20:06.962 [reactor-http-nio-2] DEBUG o.s.w.r.r.m.a.RequestBodyMethodArgumentResolver - [6b90439b-5] 0..1 [org.springframework.web.reactive.result.method.annotation.JacksonHintsIntegrationTests$JacksonViewBean]
03:20:06.964 [reactor-http-nio-2] DEBUG o.s.w.r.r.m.a.ResponseBodyResultHandler - Using 'application/json' given [application/json] and supported [application/json, application/*+json, application/x-ndjson, application/x-jackson-smile, application/*+x-jackson-smile, text/event-stream]
03:20:06.964 [reactor-http-nio-2] DEBUG o.s.w.r.r.m.a.ResponseBodyResultHandler - [6b90439b-5] 0..1 [org.springframework.web.reactive.result.method.annotation.JacksonHintsIntegrationTests$JacksonViewBean]
03:20:06.965 [reactor-http-nio-2] DEBUG o.s.h.c.j.Jackson2JsonDecoder - [6b90439b-5] Decoded [org.springframework.web.reactive.result.method.annotation.JacksonHintsIntegrationTests$JacksonViewBe (truncated)...]
03:20:06.965 [reactor-http-nio-2] DEBUG o.s.h.c.j.Jackson2JsonEncoder - [6b90439b-5] Encoding [org.springframework.web.reactive.result.method.annotation.JacksonHintsIntegrationTests$JacksonViewBe (truncated)...]
03:20:06.966 [reactor-http-nio-2] DEBUG o.s.w.s.a.HttpWebHandlerAdapter - [6b90439b-5] Completed 200 OK
03:20:06.968 [Test worker] DEBUG o.s.w.c.RestTemplate - Response 200 OK
03:20:06.968 [Test worker] DEBUG o.s.w.c.RestTemplate - Reading to [java.lang.String] as "application/json"
03:20:06.968 [Test worker] DEBUG o.s.w.t.h.s.r.b.ReactorHttpServer - Stopping ReactorHttpServer...
03:20:06.969 [Test worker] DEBUG o.s.w.t.h.s.r.b.ReactorHttpServer - Server stopped (0 millis).
03:20:07.038 [Test worker] DEBUG o.s.w.r.r.m.a.RequestMappingHandlerMapping - 9 mappings in 'requestMappingHandlerMapping'
03:20:07.099 [Test worker] DEBUG o.s.w.r.r.m.a.ControllerMethodResolver - ControllerAdvice beans: none
03:20:07.127 [Test worker] DEBUG o.s.w.s.a.HttpWebHandlerAdapter - enableLoggingRequestDetails='false': form data and headers will be masked to prevent unsafe logging of potentially sensitive data
03:20:07.128 [Test worker] DEBUG o.s.w.t.h.s.r.b.TomcatHttpServer - Starting TomcatHttpServer...
03:20:07.144 [Test worker] DEBUG o.s.w.t.h.s.r.b.TomcatHttpServer - Server started on port 49721(0 millis).
03:20:07.144 [Test worker] DEBUG o.s.w.c.RestTemplate - HTTP POST http://localhost:49721/request/mono
03:20:07.144 [Test worker] DEBUG o.s.w.c.RestTemplate - Accept=[text/plain, application/json, application/x-jackson-smile, application/*+json, */*]
03:20:07.145 [Test worker] DEBUG o.s.w.c.RestTemplate - Writing [org.springframework.web.reactive.result.method.annotation.JacksonHintsIntegrationTests$JacksonViewBean@4804e827] as "application/json"
03:20:07.151 [http-nio-auto-5-exec-1] DEBUG o.s.w.s.a.HttpWebHandlerAdapter - [5ef788ed] HTTP POST "/request/mono"
03:20:07.152 [http-nio-auto-5-exec-1] DEBUG o.s.w.r.r.m.a.RequestMappingHandlerMapping - [5ef788ed] Mapped to org.springframework.web.reactive.result.method.annotation.JacksonHintsIntegrationTests$JsonViewRestController#monoRequest(Mono)
03:20:07.154 [http-nio-auto-5-exec-1] DEBUG o.s.w.r.r.m.a.RequestBodyMethodArgumentResolver - [5ef788ed] Content-Type:application/json
03:20:07.154 [http-nio-auto-5-exec-1] DEBUG o.s.w.r.r.m.a.RequestBodyMethodArgumentResolver - [5ef788ed] 0..1 [org.springframework.web.reactive.result.method.annotation.JacksonHintsIntegrationTests$JacksonViewBean]
03:20:07.156 [http-nio-auto-5-exec-1] DEBUG o.s.w.r.r.m.a.ResponseBodyResultHandler - Using 'application/json' given [application/json] and supported [application/json, application/*+json, application/x-ndjson, application/x-jackson-smile, application/*+x-jackson-smile, text/event-stream]
03:20:07.157 [http-nio-auto-5-exec-1] DEBUG o.s.w.r.r.m.a.ResponseBodyResultHandler - [5ef788ed] 0..1 [org.springframework.web.reactive.result.method.annotation.JacksonHintsIntegrationTests$JacksonViewBean]
03:20:07.158 [http-nio-auto-5-exec-1] DEBUG o.s.h.c.j.Jackson2JsonDecoder - [5ef788ed] Decoded [org.springframework.web.reactive.result.method.annotation.JacksonHintsIntegrationTests$JacksonViewBe (truncated)...]
03:20:07.158 [http-nio-auto-5-exec-1] DEBUG o.s.h.c.j.Jackson2JsonEncoder - [5ef788ed] Encoding [org.springframework.web.reactive.result.method.annotation.JacksonHintsIntegrationTests$JacksonViewBe (truncated)...]
03:20:07.159 [Test worker] DEBUG o.s.w.c.RestTemplate - Response 200 OK
03:20:07.160 [http-nio-auto-5-exec-1] DEBUG o.s.w.s.a.HttpWebHandlerAdapter - [5ef788ed] Completed 200 OK
03:20:07.160 [Test worker] DEBUG o.s.w.c.RestTemplate - Reading to [java.lang.String] as "application/json"
03:20:07.160 [Test worker] DEBUG o.s.w.t.h.s.r.b.TomcatHttpServer - Stopping TomcatHttpServer...
03:20:07.381 [Test worker] DEBUG o.s.w.t.h.s.r.b.TomcatHttpServer - Server stopped (0 millis).
03:20:07.443 [Test worker] DEBUG o.s.w.r.r.m.a.RequestMappingHandlerMapping - 9 mappings in 'requestMappingHandlerMapping'
03:20:07.472 [Test worker] DEBUG o.s.w.r.r.m.a.ControllerMethodResolver - ControllerAdvice beans: none
03:20:07.495 [Test worker] DEBUG o.s.w.s.a.HttpWebHandlerAdapter - enableLoggingRequestDetails='false': form data and headers will be masked to prevent unsafe logging of potentially sensitive data
03:20:07.496 [Test worker] DEBUG o.s.w.t.h.s.r.b.UndertowHttpServer - Starting UndertowHttpServer...
03:20:07.496 [Test worker] INFO  i.undertow - starting server: Undertow - 2.1.3.Final
03:20:07.509 [Test worker] DEBUG o.s.w.t.h.s.r.b.UndertowHttpServer - Server started on port 49739(0 millis).
03:20:07.509 [Test worker] DEBUG o.s.w.c.RestTemplate - HTTP POST http://localhost:49739/request/mono
03:20:07.509 [Test worker] DEBUG o.s.w.c.RestTemplate - Accept=[text/plain, application/json, application/x-jackson-smile, application/*+json, */*]
03:20:07.510 [Test worker] DEBUG o.s.w.c.RestTemplate - Writing [org.springframework.web.reactive.result.method.annotation.JacksonHintsIntegrationTests$JacksonViewBean@2501348e] as "application/json"
03:20:07.514 [XNIO-5 I/O-3] DEBUG o.s.w.s.a.HttpWebHandlerAdapter - [3ad63ae] HTTP POST "/request/mono"
03:20:07.514 [XNIO-5 I/O-3] DEBUG o.s.w.r.r.m.a.RequestMappingHandlerMapping - [3ad63ae] Mapped to org.springframework.web.reactive.result.method.annotation.JacksonHintsIntegrationTests$JsonViewRestController#monoRequest(Mono)
03:20:07.516 [XNIO-5 I/O-3] DEBUG o.s.w.r.r.m.a.RequestBodyMethodArgumentResolver - [3ad63ae] Content-Type:application/json
03:20:07.516 [XNIO-5 I/O-3] DEBUG o.s.w.r.r.m.a.RequestBodyMethodArgumentResolver - [3ad63ae] 0..1 [org.springframework.web.reactive.result.method.annotation.JacksonHintsIntegrationTests$JacksonViewBean]
03:20:07.518 [XNIO-5 I/O-3] DEBUG o.s.w.r.r.m.a.ResponseBodyResultHandler - Using 'application/json' given [application/json] and supported [application/json, application/*+json, application/x-ndjson, application/x-jackson-smile, application/*+x-jackson-smile, text/event-stream]
03:20:07.518 [XNIO-5 I/O-3] DEBUG o.s.w.r.r.m.a.ResponseBodyResultHandler - [3ad63ae] 0..1 [org.springframework.web.reactive.result.method.annotation.JacksonHintsIntegrationTests$JacksonViewBean]
03:20:07.519 [XNIO-5 I/O-3] DEBUG o.s.h.c.j.Jackson2JsonDecoder - [3ad63ae] Decoded [org.springframework.web.reactive.result.method.annotation.JacksonHintsIntegrationTests$JacksonViewBe (truncated)...]
03:20:07.519 [XNIO-5 I/O-3] DEBUG o.s.h.c.j.Jackson2JsonEncoder - [3ad63ae] Encoding [org.springframework.web.reactive.result.method.annotation.JacksonHintsIntegrationTests$JacksonViewBe (truncated)...]
03:20:07.520 [XNIO-5 I/O-3] DEBUG o.s.w.s.a.HttpWebHandlerAdapter - [3ad63ae] Completed 200 OK
03:20:07.520 [Test worker] DEBUG o.s.w.c.RestTemplate - Response 200 OK
03:20:07.521 [Test worker] DEBUG o.s.w.c.RestTemplate - Reading to [java.lang.String] as "application/json"
03:20:07.521 [Test worker] DEBUG o.s.w.t.h.s.r.b.UndertowHttpServer - Stopping UndertowHttpServer...
03:20:07.521 [Test worker] INFO  i.undertow - stopping server: Undertow - 2.1.3.Final
03:20:07.526 [Test worker] DEBUG o.s.w.t.h.s.r.b.UndertowHttpServer - Server stopped (0 millis).
03:20:07.574 [Test worker] DEBUG o.s.w.r.r.m.a.RequestMappingHandlerMapping - 9 mappings in 'requestMappingHandlerMapping'
03:20:07.603 [Test worker] DEBUG o.s.w.r.r.m.a.ControllerMethodResolver - ControllerAdvice beans: none
03:20:07.623 [Test worker] DEBUG o.s.w.s.a.HttpWebHandlerAdapter - enableLoggingRequestDetails='false': form data and headers will be masked to prevent unsafe logging of potentially sensitive data
03:20:07.623 [Test worker] WARN  o.e.j.s.h.ContextHandler - Empty contextPath
03:20:07.623 [Test worker] INFO  o.e.j.s.h.ContextHandler - Started o.e.j.s.ServletContextHandler@77452bd4{/,null,AVAILABLE}
03:20:07.624 [Test worker] DEBUG o.s.w.t.h.s.r.b.JettyHttpServer - Starting JettyHttpServer...
03:20:07.624 [Test worker] INFO  o.e.j.s.Server - jetty-9.4.31.v20200723; built: 2020-07-23T17:57:36.812Z; git: 450ba27947e13e66baa8cd1ce7e85a4461cacc1d; jvm 1.8.0_261-b12
03:20:07.629 [Test worker] INFO  o.e.j.s.AbstractConnector - Started ServerConnector@673bc007{HTTP/1.1, (http/1.1)}{0.0.0.0:49741}
03:20:07.629 [Test worker] INFO  o.e.j.s.Server - Started @37226ms
03:20:07.629 [Test worker] DEBUG o.s.w.t.h.s.r.b.JettyHttpServer - Server started on port 49741(0 millis).
03:20:07.630 [Test worker] DEBUG o.s.w.c.RestTemplate - HTTP GET http://localhost:49741/response/raw
03:20:07.630 [Test worker] DEBUG o.s.w.c.RestTemplate - Accept=[text/plain, application/json, application/x-jackson-smile, application/*+json, */*]
03:20:07.632 [qtp98290314-302] DEBUG o.s.w.s.a.HttpWebHandlerAdapter - [54c3fcb] HTTP GET "/response/raw"
03:20:07.633 [qtp98290314-302] DEBUG o.s.w.r.r.m.a.RequestMappingHandlerMapping - [54c3fcb] Mapped to org.springframework.web.reactive.result.method.annotation.JacksonHintsIntegrationTests$JsonViewRestController#rawResponse()
03:20:07.635 [qtp98290314-302] DEBUG o.s.w.r.r.m.a.ResponseBodyResultHandler - Using 'application/json' given [application/json] and supported [application/json, application/*+json, application/x-ndjson, application/x-jackson-smile, application/*+x-jackson-smile, text/event-stream]
03:20:07.635 [qtp98290314-302] DEBUG o.s.w.r.r.m.a.ResponseBodyResultHandler - [54c3fcb] 0..1 [org.springframework.web.reactive.result.method.annotation.JacksonHintsIntegrationTests$JacksonViewBean]
03:20:07.636 [qtp98290314-302] DEBUG o.s.h.c.j.Jackson2JsonEncoder - [54c3fcb] Encoding [org.springframework.web.reactive.result.method.annotation.JacksonHintsIntegrationTests$JacksonViewBe (truncated)...]
03:20:07.637 [Test worker] DEBUG o.s.w.c.RestTemplate - Response 200 OK
03:20:07.637 [Test worker] DEBUG o.s.w.c.RestTemplate - Reading to [java.lang.String] as "application/json"
03:20:07.637 [qtp98290314-302] DEBUG o.s.w.s.a.HttpWebHandlerAdapter - [54c3fcb] Completed 200 OK
03:20:07.637 [Test worker] DEBUG o.s.w.t.h.s.r.b.JettyHttpServer - Stopping JettyHttpServer...
03:20:07.637 [Test worker] INFO  o.e.j.s.h.ContextHandler - Stopped o.e.j.s.ServletContextHandler@77452bd4{/,null,UNAVAILABLE}
03:20:07.639 [Test worker] INFO  o.e.j.s.AbstractConnector - Stopped ServerConnector@673bc007{HTTP/1.1, (http/1.1)}{0.0.0.0:0}
03:20:07.640 [Test worker] DEBUG o.s.w.t.h.s.r.b.JettyHttpServer - Server stopped (0 millis).
03:20:07.689 [Test worker] DEBUG o.s.w.r.r.m.a.RequestMappingHandlerMapping - 9 mappings in 'requestMappingHandlerMapping'
03:20:07.713 [Test worker] DEBUG o.s.w.r.r.m.a.ControllerMethodResolver - ControllerAdvice beans: none
03:20:07.732 [Test worker] DEBUG o.s.w.s.a.HttpWebHandlerAdapter - enableLoggingRequestDetails='false': form data and headers will be masked to prevent unsafe logging of potentially sensitive data
03:20:07.732 [Test worker] DEBUG o.s.w.t.h.s.r.b.ReactorHttpServer - Starting ReactorHttpServer...
03:20:07.734 [Test worker] DEBUG o.s.w.t.h.s.r.b.ReactorHttpServer - Server started on port 49747(0 millis).
03:20:07.734 [Test worker] DEBUG o.s.w.c.RestTemplate - HTTP GET http://localhost:49747/response/raw
03:20:07.735 [Test worker] DEBUG o.s.w.c.RestTemplate - Accept=[text/plain, application/json, application/x-jackson-smile, application/*+json, */*]
03:20:07.738 [reactor-http-nio-4] DEBUG o.s.w.s.a.HttpWebHandlerAdapter - [f212ed28-6] HTTP GET "/response/raw"
03:20:07.738 [reactor-http-nio-4] DEBUG o.s.w.r.r.m.a.RequestMappingHandlerMapping - [f212ed28-6] Mapped to org.springframework.web.reactive.result.method.annotation.JacksonHintsIntegrationTests$JsonViewRestController#rawResponse()
03:20:07.741 [reactor-http-nio-4] DEBUG o.s.w.r.r.m.a.ResponseBodyResultHandler - Using 'application/json' given [application/json] and supported [application/json, application/*+json, application/x-ndjson, application/x-jackson-smile, application/*+x-jackson-smile, text/event-stream]
03:20:07.741 [reactor-http-nio-4] DEBUG o.s.w.r.r.m.a.ResponseBodyResultHandler - [f212ed28-6] 0..1 [org.springframework.web.reactive.result.method.annotation.JacksonHintsIntegrationTests$JacksonViewBean]
03:20:07.742 [reactor-http-nio-4] DEBUG o.s.h.c.j.Jackson2JsonEncoder - [f212ed28-6] Encoding [org.springframework.web.reactive.result.method.annotation.JacksonHintsIntegrationTests$JacksonViewBe (truncated)...]
03:20:07.743 [reactor-http-nio-4] DEBUG o.s.w.s.a.HttpWebHandlerAdapter - [f212ed28-6] Completed 200 OK
03:20:07.744 [Test worker] DEBUG o.s.w.c.RestTemplate - Response 200 OK
03:20:07.744 [Test worker] DEBUG o.s.w.c.RestTemplate - Reading to [java.lang.String] as "application/json"
03:20:07.744 [Test worker] DEBUG o.s.w.t.h.s.r.b.ReactorHttpServer - Stopping ReactorHttpServer...
03:20:07.745 [Test worker] DEBUG o.s.w.t.h.s.r.b.ReactorHttpServer - Server stopped (0 millis).
03:20:07.800 [Test worker] DEBUG o.s.w.r.r.m.a.RequestMappingHandlerMapping - 9 mappings in 'requestMappingHandlerMapping'
03:20:07.826 [Test worker] DEBUG o.s.w.r.r.m.a.ControllerMethodResolver - ControllerAdvice beans: none
03:20:07.866 [Test worker] DEBUG o.s.w.s.a.HttpWebHandlerAdapter - enableLoggingRequestDetails='false': form data and headers will be masked to prevent unsafe logging of potentially sensitive data
03:20:07.867 [Test worker] DEBUG o.s.w.t.h.s.r.b.TomcatHttpServer - Starting TomcatHttpServer...
03:20:07.881 [Test worker] DEBUG o.s.w.t.h.s.r.b.TomcatHttpServer - Server started on port 49749(0 millis).
03:20:07.881 [Test worker] DEBUG o.s.w.c.RestTemplate - HTTP GET http://localhost:49749/response/raw
03:20:07.881 [Test worker] DEBUG o.s.w.c.RestTemplate - Accept=[text/plain, application/json, application/x-jackson-smile, application/*+json, */*]
03:20:07.885 [http-nio-auto-6-exec-1] DEBUG o.s.w.s.a.HttpWebHandlerAdapter - [457af5ff] HTTP GET "/response/raw"
[...]
03:20:09.275 [reactor-http-nio-4] DEBUG o.s.w.r.r.m.a.RequestMappingHandlerMapping - [80af3279-8] Mapped to org.springframework.web.reactive.result.method.annotation.JacksonHintsIntegrationTests$JsonViewRestController#entityFluxRequest(HttpEntity)
03:20:09.276 [reactor-http-nio-4] DEBUG o.s.w.r.r.m.a.HttpEntityMethodArgumentResolver - [80af3279-8] Content-Type:application/json
03:20:09.277 [reactor-http-nio-4] DEBUG o.s.w.r.r.m.a.HttpEntityMethodArgumentResolver - [80af3279-8] 0..N [org.springframework.web.reactive.result.method.annotation.JacksonHintsIntegrationTests$JacksonViewBean]
03:20:09.278 [reactor-http-nio-4] DEBUG o.s.w.r.r.m.a.ResponseBodyResultHandler - Using 'application/json' given [application/json] and supported [application/json, application/*+json, application/x-ndjson, application/x-jackson-smile, application/*+x-jackson-smile, text/event-stream]
03:20:09.278 [reactor-http-nio-4] DEBUG o.s.w.r.r.m.a.ResponseBodyResultHandler - [80af3279-8] 0..N [org.springframework.web.reactive.result.method.annotation.JacksonHintsIntegrationTests$JacksonViewBean]
03:20:09.280 [reactor-http-nio-4] DEBUG o.s.h.c.j.Jackson2JsonDecoder - [80af3279-8] Decoded [org.springframework.web.reactive.result.method.annotation.JacksonHintsIntegrationTests$JacksonViewBe (truncated)...]
03:20:09.280 [reactor-http-nio-4] DEBUG o.s.h.c.j.Jackson2JsonDecoder - [80af3279-8] Decoded [org.springframework.web.reactive.result.method.annotation.JacksonHintsIntegrationTests$JacksonViewBe (truncated)...]
03:20:09.281 [reactor-http-nio-4] DEBUG o.s.h.c.j.Jackson2JsonEncoder - [80af3279-8] Encoding [[org.springframework.web.reactive.result.method.annotation.JacksonHintsIntegrationTests$JacksonViewB (truncated)...]
03:20:09.282 [reactor-http-nio-4] DEBUG o.s.w.s.a.HttpWebHandlerAdapter - [80af3279-8] Completed 200 OK
03:20:09.283 [Test worker] DEBUG o.s.w.c.RestTemplate - Response 200 OK
03:20:09.283 [Test worker] DEBUG o.s.w.c.RestTemplate - Reading to [java.lang.String] as "application/json"
03:20:09.283 [Test worker] DEBUG o.s.w.t.h.s.r.b.ReactorHttpServer - Stopping ReactorHttpServer...
03:20:09.284 [Test worker] DEBUG o.s.w.t.h.s.r.b.ReactorHttpServer - Server stopped (0 millis).
03:20:09.338 [Test worker] DEBUG o.s.w.r.r.m.a.RequestMappingHandlerMapping - 9 mappings in 'requestMappingHandlerMapping'
03:20:09.364 [Test worker] DEBUG o.s.w.r.r.m.a.ControllerMethodResolver - ControllerAdvice beans: none
03:20:09.384 [Test worker] DEBUG o.s.w.s.a.HttpWebHandlerAdapter - enableLoggingRequestDetails='false': form data and headers will be masked to prevent unsafe logging of potentially sensitive data
03:20:09.386 [Test worker] DEBUG o.s.w.t.h.s.r.b.TomcatHttpServer - Starting TomcatHttpServer...
03:20:09.400 [Test worker] DEBUG o.s.w.t.h.s.r.b.TomcatHttpServer - Server started on port 49804(0 millis).
03:20:09.401 [Test worker] DEBUG o.s.w.c.RestTemplate - HTTP POST http://localhost:49804/request/entity/flux
03:20:09.402 [Test worker] DEBUG o.s.w.c.RestTemplate - Accept=[text/plain, application/json, application/x-jackson-smile, application/*+json, */*]
03:20:09.403 [Test worker] DEBUG o.s.w.c.RestTemplate - Writing [[org.springframework.web.reactive.result.method.annotation.JacksonHintsIntegrationTests$JacksonViewBean@9e18dbf, org.springframework.web.reactive.result.method.annotation.JacksonHintsIntegrationTests$JacksonViewBean@5139ef99]] as "application/json"
03:20:09.412 [http-nio-auto-8-exec-1] DEBUG o.s.w.s.a.HttpWebHandlerAdapter - [1830c023] HTTP POST "/request/entity/flux"
03:20:09.413 [http-nio-auto-8-exec-1] DEBUG o.s.w.r.r.m.a.RequestMappingHandlerMapping - [1830c023] Mapped to org.springframework.web.reactive.result.method.annotation.JacksonHintsIntegrationTests$JsonViewRestController#entityFluxRequest(HttpEntity)
03:20:09.414 [http-nio-auto-8-exec-1] DEBUG o.s.w.r.r.m.a.HttpEntityMethodArgumentResolver - [1830c023] Content-Type:application/json
03:20:09.414 [http-nio-auto-8-exec-1] DEBUG o.s.w.r.r.m.a.HttpEntityMethodArgumentResolver - [1830c023] 0..N [org.springframework.web.reactive.result.method.annotation.JacksonHintsIntegrationTests$JacksonViewBean]
03:20:09.417 [http-nio-auto-8-exec-1] DEBUG o.s.w.r.r.m.a.ResponseBodyResultHandler - Using 'application/json' given [application/json] and supported [application/json, application/*+json, application/x-ndjson, application/x-jackson-smile, application/*+x-jackson-smile, text/event-stream]
03:20:09.417 [http-nio-auto-8-exec-1] DEBUG o.s.w.r.r.m.a.ResponseBodyResultHandler - [1830c023] 0..N [org.springframework.web.reactive.result.method.annotation.JacksonHintsIntegrationTests$JacksonViewBean]
03:20:09.418 [http-nio-auto-8-exec-1] DEBUG o.s.h.c.j.Jackson2JsonDecoder - [1830c023] Decoded [org.springframework.web.reactive.result.method.annotation.JacksonHintsIntegrationTests$JacksonViewBe (truncated)...]
03:20:09.418 [http-nio-auto-8-exec-1] DEBUG o.s.h.c.j.Jackson2JsonDecoder - [1830c023] Decoded [org.springframework.web.reactive.result.method.annotation.JacksonHintsIntegrationTests$JacksonViewBe (truncated)...]
03:20:09.418 [http-nio-auto-8-exec-1] DEBUG o.s.h.c.j.Jackson2JsonEncoder - [1830c023] Encoding [[org.springframework.web.reactive.result.method.annotation.JacksonHintsIntegrationTests$JacksonViewB (truncated)...]
03:20:09.419 [Test worker] DEBUG o.s.w.c.RestTemplate - Response 200 OK
03:20:09.420 [Test worker] DEBUG o.s.w.c.RestTemplate - Reading to [java.lang.String] as "application/json"
03:20:09.420 [http-nio-auto-8-exec-1] DEBUG o.s.w.s.a.HttpWebHandlerAdapter - [1830c023] Completed 200 OK
03:20:09.421 [Test worker] DEBUG o.s.w.t.h.s.r.b.TomcatHttpServer - Stopping TomcatHttpServer...
03:20:09.627 [Test worker] DEBUG o.s.w.t.h.s.r.b.TomcatHttpServer - Server stopped (0 millis).
03:20:09.681 [Test worker] DEBUG o.s.w.r.r.m.a.RequestMappingHandlerMapping - 9 mappings in 'requestMappingHandlerMapping'
03:20:09.705 [Test worker] DEBUG o.s.w.r.r.m.a.ControllerMethodResolver - ControllerAdvice beans: none
03:20:09.722 [Test worker] DEBUG o.s.w.s.a.HttpWebHandlerAdapter - enableLoggingRequestDetails='false': form data and headers will be masked to prevent unsafe logging of potentially sensitive data
03:20:09.722 [Test worker] DEBUG o.s.w.t.h.s.r.b.UndertowHttpServer - Starting UndertowHttpServer...
03:20:09.722 [Test worker] INFO  i.undertow - starting server: Undertow - 2.1.3.Final
03:20:09.730 [Test worker] DEBUG o.s.w.t.h.s.r.b.UndertowHttpServer - Server started on port 49821(0 millis).
03:20:09.731 [Test worker] DEBUG o.s.w.c.RestTemplate - HTTP POST http://localhost:49821/request/entity/flux
03:20:09.732 [Test worker] DEBUG o.s.w.c.RestTemplate - Accept=[text/plain, application/json, application/x-jackson-smile, application/*+json, */*]
03:20:09.732 [Test worker] DEBUG o.s.w.c.RestTemplate - Writing [[org.springframework.web.reactive.result.method.annotation.JacksonHintsIntegrationTests$JacksonViewBean@4e5dd7b0, org.springframework.web.reactive.result.method.annotation.JacksonHintsIntegrationTests$JacksonViewBean@c600e74]] as "application/json"
03:20:09.739 [XNIO-8 I/O-1] DEBUG o.s.w.s.a.HttpWebHandlerAdapter - [12bf434d] HTTP POST "/request/entity/flux"
03:20:09.740 [XNIO-8 I/O-1] DEBUG o.s.w.r.r.m.a.RequestMappingHandlerMapping - [12bf434d] Mapped to org.springframework.web.reactive.result.method.annotation.JacksonHintsIntegrationTests$JsonViewRestController#entityFluxRequest(HttpEntity)
03:20:09.740 [XNIO-8 I/O-1] DEBUG o.s.w.r.r.m.a.HttpEntityMethodArgumentResolver - [12bf434d] Content-Type:application/json
03:20:09.741 [XNIO-8 I/O-1] DEBUG o.s.w.r.r.m.a.HttpEntityMethodArgumentResolver - [12bf434d] 0..N [org.springframework.web.reactive.result.method.annotation.JacksonHintsIntegrationTests$JacksonViewBean]
03:20:09.743 [XNIO-8 I/O-1] DEBUG o.s.w.r.r.m.a.ResponseBodyResultHandler - Using 'application/json' given [application/json] and supported [application/json, application/*+json, application/x-ndjson, application/x-jackson-smile, application/*+x-jackson-smile, text/event-stream]
03:20:09.743 [XNIO-8 I/O-1] DEBUG o.s.w.r.r.m.a.ResponseBodyResultHandler - [12bf434d] 0..N [org.springframework.web.reactive.result.method.annotation.JacksonHintsIntegrationTests$JacksonViewBean]
03:20:09.743 [XNIO-8 I/O-1] DEBUG o.s.h.c.j.Jackson2JsonDecoder - [12bf434d] Decoded [org.springframework.web.reactive.result.method.annotation.JacksonHintsIntegrationTests$JacksonViewBe (truncated)...]
03:20:09.743 [XNIO-8 I/O-1] DEBUG o.s.h.c.j.Jackson2JsonDecoder - [12bf434d] Decoded [org.springframework.web.reactive.result.method.annotation.JacksonHintsIntegrationTests$JacksonViewBe (truncated)...]
03:20:09.744 [XNIO-8 I/O-1] DEBUG o.s.h.c.j.Jackson2JsonEncoder - [12bf434d] Encoding [[org.springframework.web.reactive.result.method.annotation.JacksonHintsIntegrationTests$JacksonViewB (truncated)...]
03:20:09.744 [XNIO-8 I/O-1] DEBUG o.s.w.s.a.HttpWebHandlerAdapter - [12bf434d] Completed 200 OK
03:20:09.744 [Test worker] DEBUG o.s.w.c.RestTemplate - Response 200 OK
03:20:09.745 [Test worker] DEBUG o.s.w.c.RestTemplate - Reading to [java.lang.String] as "application/json"
03:20:09.745 [Test worker] DEBUG o.s.w.t.h.s.r.b.UndertowHttpServer - Stopping UndertowHttpServer...
03:20:09.745 [Test worker] INFO  i.undertow - stopping server: Undertow - 2.1.3.Final
03:20:09.751 [Test worker] DEBUG o.s.w.t.h.s.r.b.UndertowHttpServer - Server stopped (0 millis).
03:20:09.796 [Test worker] DEBUG o.s.w.r.r.m.a.RequestMappingHandlerMapping - 9 mappings in 'requestMappingHandlerMapping'
03:20:09.821 [Test worker] DEBUG o.s.w.r.r.m.a.ControllerMethodResolver - ControllerAdvice beans: none
03:20:09.844 [Test worker] DEBUG o.s.w.s.a.HttpWebHandlerAdapter - enableLoggingRequestDetails='false': form data and headers will be masked to prevent unsafe logging of potentially sensitive data
03:20:09.845 [Test worker] WARN  o.e.j.s.h.ContextHandler - Empty contextPath
03:20:09.845 [Test worker] INFO  o.e.j.s.h.ContextHandler - Started o.e.j.s.ServletContextHandler@1d9c66ec{/,null,AVAILABLE}
03:20:09.846 [Test worker] DEBUG o.s.w.t.h.s.r.b.JettyHttpServer - Starting JettyHttpServer...
03:20:09.846 [Test worker] INFO  o.e.j.s.Server - jetty-9.4.31.v20200723; built: 2020-07-23T17:57:36.812Z; git: 450ba27947e13e66baa8cd1ce7e85a4461cacc1d; jvm 1.8.0_261-b12
03:20:09.852 [Test worker] INFO  o.e.j.s.AbstractConnector - Started ServerConnector@5cf7550a{HTTP/1.1, (http/1.1)}{0.0.0.0:49823}
03:20:09.852 [Test worker] INFO  o.e.j.s.Server - Started @39449ms
03:20:09.852 [Test worker] DEBUG o.s.w.t.h.s.r.b.JettyHttpServer - Server started on port 49823(0 millis).
03:20:09.852 [Test worker] DEBUG o.s.w.c.RestTemplate - HTTP GET http://localhost:49823/response/mono
03:20:09.852 [Test worker] DEBUG o.s.w.c.RestTemplate - Accept=[text/plain, application/json, application/x-jackson-smile, application/*+json, */*]
03:20:09.857 [qtp398099947-425] DEBUG o.s.w.s.a.HttpWebHandlerAdapter - [5c2d37f] HTTP GET "/response/mono"
03:20:09.857 [qtp398099947-425] DEBUG o.s.w.r.r.m.a.RequestMappingHandlerMapping - [5c2d37f] Mapped to org.springframework.web.reactive.result.method.annotation.JacksonHintsIntegrationTests$JsonViewRestController#monoResponse()
03:20:09.859 [qtp398099947-425] DEBUG o.s.w.r.r.m.a.ResponseBodyResultHandler - Using 'application/json' given [application/json] and supported [application/json, application/*+json, application/x-ndjson, application/x-jackson-smile, application/*+x-jackson-smile, text/event-stream]
03:20:09.859 [qtp398099947-425] DEBUG o.s.w.r.r.m.a.ResponseBodyResultHandler - [5c2d37f] 0..1 [org.springframework.web.reactive.result.method.annotation.JacksonHintsIntegrationTests$JacksonViewBean]
03:20:09.859 [qtp398099947-425] DEBUG o.s.h.c.j.Jackson2JsonEncoder - [5c2d37f] Encoding [org.springframework.web.reactive.result.method.annotation.JacksonHintsIntegrationTests$JacksonViewBe (truncated)...]
03:20:09.860 [Test worker] DEBUG o.s.w.c.RestTemplate - Response 200 OK
03:20:09.861 [Test worker] DEBUG o.s.w.c.RestTemplate - Reading to [java.lang.String] as "application/json"
03:20:09.861 [Test worker] DEBUG o.s.w.t.h.s.r.b.JettyHttpServer - Stopping JettyHttpServer...
03:20:09.861 [Test worker] INFO  o.e.j.s.h.ContextHandler - Stopped o.e.j.s.ServletContextHandler@1d9c66ec{/,null,UNAVAILABLE}
03:20:09.861 [qtp398099947-425] DEBUG o.s.w.s.a.HttpWebHandlerAdapter - [5c2d37f] Completed 200 OK
03:20:09.863 [Test worker] INFO  o.e.j.s.AbstractConnector - Stopped ServerConnector@5cf7550a{HTTP/1.1, (http/1.1)}{0.0.0.0:0}
03:20:09.864 [Test worker] DEBUG o.s.w.t.h.s.r.b.JettyHttpServer - Server stopped (0 millis).
03:20:09.904 [Test worker] DEBUG o.s.w.r.r.m.a.RequestMappingHandlerMapping - 9 mappings in 'requestMappingHandlerMapping'
03:20:09.926 [Test worker] DEBUG o.s.w.r.r.m.a.ControllerMethodResolver - ControllerAdvice beans: none
03:20:09.946 [Test worker] DEBUG o.s.w.s.a.HttpWebHandlerAdapter - enableLoggingRequestDetails='false': form data and headers will be masked to prevent unsafe logging of potentially sensitive data
03:20:09.946 [Test worker] DEBUG o.s.w.t.h.s.r.b.ReactorHttpServer - Starting ReactorHttpServer...
03:20:09.948 [Test worker] DEBUG o.s.w.t.h.s.r.b.ReactorHttpServer - Server started on port 49829(0 millis).
03:20:09.949 [Test worker] DEBUG o.s.w.c.RestTemplate - HTTP GET http://localhost:49829/response/mono
03:20:09.949 [Test worker] DEBUG o.s.w.c.RestTemplate - Accept=[text/plain, application/json, application/x-jackson-smile, application/*+json, */*]
03:20:09.952 [reactor-http-nio-2] DEBUG o.s.w.s.a.HttpWebHandlerAdapter - [54257a26-9] HTTP GET "/response/mono"
03:20:09.952 [reactor-http-nio-2] DEBUG o.s.w.r.r.m.a.RequestMappingHandlerMapping - [54257a26-9] Mapped to org.springframework.web.reactive.result.method.annotation.JacksonHintsIntegrationTests$JsonViewRestController#monoResponse()
03:20:09.954 [reactor-http-nio-2] DEBUG o.s.w.r.r.m.a.ResponseBodyResultHandler - Using 'application/json' given [application/json] and supported [application/json, application/*+json, application/x-ndjson, application/x-jackson-smile, application/*+x-jackson-smile, text/event-stream]
03:20:09.954 [reactor-http-nio-2] DEBUG o.s.w.r.r.m.a.ResponseBodyResultHandler - [54257a26-9] 0..1 [org.springframework.web.reactive.result.method.annotation.JacksonHintsIntegrationTests$JacksonViewBean]
03:20:09.954 [reactor-http-nio-2] DEBUG o.s.h.c.j.Jackson2JsonEncoder - [54257a26-9] Encoding [org.springframework.web.reactive.result.method.annotation.JacksonHintsIntegrationTests$JacksonViewBe (truncated)...]
03:20:09.956 [reactor-http-nio-2] DEBUG o.s.w.s.a.HttpWebHandlerAdapter - [54257a26-9] Completed 200 OK
03:20:09.956 [Test worker] DEBUG o.s.w.c.RestTemplate - Response 200 OK
03:20:09.956 [Test worker] DEBUG o.s.w.c.RestTemplate - Reading to [java.lang.String] as "application/json"
03:20:09.956 [Test worker] DEBUG o.s.w.t.h.s.r.b.ReactorHttpServer - Stopping ReactorHttpServer...
03:20:09.957 [Test worker] DEBUG o.s.w.t.h.s.r.b.ReactorHttpServer - Server stopped (0 millis).
03:20:10.003 [Test worker] DEBUG o.s.w.r.r.m.a.RequestMappingHandlerMapping - 9 mappings in 'requestMappingHandlerMapping'
03:20:10.031 [Test worker] DEBUG o.s.w.r.r.m.a.ControllerMethodResolver - ControllerAdvice beans: none
03:20:10.091 [Test worker] DEBUG o.s.w.s.a.HttpWebHandlerAdapter - enableLoggingRequestDetails='false': form data and headers will be masked to prevent unsafe logging of potentially sensitive data
03:20:10.092 [Test worker] DEBUG o.s.w.t.h.s.r.b.TomcatHttpServer - Starting TomcatHttpServer...
03:20:10.106 [Test worker] DEBUG o.s.w.t.h.s.r.b.TomcatHttpServer - Server started on port 49831(0 millis).
03:20:10.106 [Test worker] DEBUG o.s.w.c.RestTemplate - HTTP GET http://localhost:49831/response/mono
03:20:10.107 [Test worker] DEBUG o.s.w.c.RestTemplate - Accept=[text/plain, application/json, application/x-jackson-smile, application/*+json, */*]
03:20:10.118 [http-nio-auto-9-exec-1] DEBUG o.s.w.s.a.HttpWebHandlerAdapter - [2e7c34c4] HTTP GET "/response/mono"
03:20:10.118 [http-nio-auto-9-exec-1] DEBUG o.s.w.r.r.m.a.RequestMappingHandlerMapping - [2e7c34c4] Mapped to org.springframework.web.reactive.result.method.annotation.JacksonHintsIntegrationTests$JsonViewRestController#monoResponse()
03:20:10.120 [http-nio-auto-9-exec-1] DEBUG o.s.w.r.r.m.a.ResponseBodyResultHandler - Using 'application/json' given [application/json] and supported [application/json, application/*+json, application/x-ndjson, application/x-jackson-smile, application/*+x-jackson-smile, text/event-stream]
03:20:10.121 [http-nio-auto-9-exec-1] DEBUG o.s.w.r.r.m.a.ResponseBodyResultHandler - [2e7c34c4] 0..1 [org.springframework.web.reactive.result.method.annotation.JacksonHintsIntegrationTests$JacksonViewBean]
03:20:10.121 [http-nio-auto-9-exec-1] DEBUG o.s.h.c.j.Jackson2JsonEncoder - [2e7c34c4] Encoding [org.springframework.web.reactive.result.method.annotation.JacksonHintsIntegrationTests$JacksonViewBe (truncated)...]
03:20:10.122 [Test worker] DEBUG o.s.w.c.RestTemplate - Response 200 OK
03:20:10.122 [Test worker] DEBUG o.s.w.c.RestTemplate - Reading to [java.lang.String] as "application/json"
03:20:10.122 [Test worker] DEBUG o.s.w.t.h.s.r.b.TomcatHttpServer - Stopping TomcatHttpServer...
03:20:10.124 [http-nio-auto-9-exec-1] DEBUG o.s.w.s.a.HttpWebHandlerAdapter - [2e7c34c4] Completed 200 OK
03:20:10.335 [Test worker] DEBUG o.s.w.t.h.s.r.b.TomcatHttpServer - Server stopped (0 millis).
03:20:10.410 [Test worker] DEBUG o.s.w.r.r.m.a.RequestMappingHandlerMapping - 9 mappings in 'requestMappingHandlerMapping'
03:20:10.437 [Test worker] DEBUG o.s.w.r.r.m.a.ControllerMethodResolver - ControllerAdvice beans: none
03:20:10.461 [Test worker] DEBUG o.s.w.s.a.HttpWebHandlerAdapter - enableLoggingRequestDetails='false': form data and headers will be masked to prevent unsafe logging of potentially sensitive data
03:20:10.461 [Test worker] DEBUG o.s.w.t.h.s.r.b.UndertowHttpServer - Starting UndertowHttpServer...
03:20:10.461 [Test worker] INFO  i.undertow - starting server: Undertow - 2.1.3.Final
03:20:10.471 [Test worker] DEBUG o.s.w.t.h.s.r.b.UndertowHttpServer - Server started on port 49848(0 millis).
03:20:10.472 [Test worker] DEBUG o.s.w.c.RestTemplate - HTTP GET http://localhost:49848/response/mono
03:20:10.472 [Test worker] DEBUG o.s.w.c.RestTemplate - Accept=[text/plain, application/json, application/x-jackson-smile, application/*+json, */*]
03:20:10.476 [XNIO-9 I/O-4] DEBUG o.s.w.s.a.HttpWebHandlerAdapter - [6956a046] HTTP GET "/response/mono"
03:20:10.476 [XNIO-9 I/O-4] DEBUG o.s.w.r.r.m.a.RequestMappingHandlerMapping - [6956a046] Mapped to org.springframework.web.reactive.result.method.annotation.JacksonHintsIntegrationTests$JsonViewRestController#monoResponse()
03:20:10.478 [XNIO-9 I/O-4] DEBUG o.s.w.r.r.m.a.ResponseBodyResultHandler - Using 'application/json' given [application/json] and supported [application/json, application/*+json, application/x-ndjson, application/x-jackson-smile, application/*+x-jackson-smile, text/event-stream]
03:20:10.478 [XNIO-9 I/O-4] DEBUG o.s.w.r.r.m.a.ResponseBodyResultHandler - [6956a046] 0..1 [org.springframework.web.reactive.result.method.annotation.JacksonHintsIntegrationTests$JacksonViewBean]
03:20:10.479 [XNIO-9 I/O-4] DEBUG o.s.h.c.j.Jackson2JsonEncoder - [6956a046] Encoding [org.springframework.web.reactive.result.method.annotation.JacksonHintsIntegrationTests$JacksonViewBe (truncated)...]
03:20:10.480 [XNIO-9 I/O-4] DEBUG o.s.w.s.a.HttpWebHandlerAdapter - [6956a046] Completed 200 OK
03:20:10.480 [Test worker] DEBUG o.s.w.c.RestTemplate - Response 200 OK
03:20:10.480 [Test worker] DEBUG o.s.w.c.RestTemplate - Reading to [java.lang.String] as "application/json"
03:20:10.480 [Test worker] DEBUG o.s.w.t.h.s.r.b.UndertowHttpServer - Stopping UndertowHttpServer...
03:20:10.481 [Test worker] INFO  i.undertow - stopping server: Undertow - 2.1.3.Final
03:20:10.486 [Test worker] DEBUG o.s.w.t.h.s.r.b.UndertowHttpServer - Server stopped (0 millis).
]]></system-out>
  <system-err><![CDATA[]]></system-err>
</testsuite>
